30/03/2018 10:23:38:416 Welcome to InterProScan-5.28-67.0
30/03/2018 10:23:44:953 Running InterProScan v5 in STANDALONE mode... on Linux
30/03/2018 10:24:00:918 Loading file /home/fogah/01.current.projects/01.lymatria.dispar/GenomeAnnotation.LDA/09.augustus/lda.augustus.aa
30/03/2018 10:24:00:922 Running the following analyses:
[CDD-3.16,Coils-2.2.1,Gene3D-4.2.0,Hamap-2017_10,MobiDBLite-1.0,Pfam-31.0,PIRSF-3.02,PRINTS-42.0,ProDom-2006.1,ProSitePatterns-2017_09,ProSiteProfiles-2017_09,SFLD-3,SMART-7.1,SUPERFAMILY-1.75,TIGRFAM-15.0]
Available matches will be retrieved from the pre-calculated match lookup service.

Matches for any sequences that are not represented in the lookup service will be calculated locally.
30/03/2018 10:31:00:103 Uploaded/Stored 21785 unique sequences for analysis
2018-03-30 10:31:12,727 [amqEmbeddedWorkerJmsContainer-16] [uk.ac.ebi.interpro.scan.management.model.implementations.RunBinaryStep:188] ERROR - Command line failed with exit code: 127
Command: bin/blast/ncbi-blast-2.6.0+/rpsblast -query /home/fogah/01.current.projects/01.lymatria.dispar/GenomeAnnotation.LDA/temp/manitou_20180330_102344908_4hyc//jobCDD/000000021752_000000021785.fasta -db data/cdd/3.16/db/Cdd_NCBI -evalue 0.01 -seg no -outfmt 5 
Error output from binary:
bin/blast/ncbi-blast-2.6.0+/rpsblast: error while loading shared libraries: libgcrypt.so.11: cannot open shared object file: No such file or directory

2018-03-30 10:31:12,733 [amqEmbeddedWorkerJmsContainer-16] [uk.ac.ebi.interpro.scan.jms.worker.LocalJobQueueListener:204] ERROR - Execution thrown when attempting to executeInTransaction the StepExecution.  All database activity rolled back.
java.lang.IllegalStateException: Command line failed with exit code: 127
Command: bin/blast/ncbi-blast-2.6.0+/rpsblast -query /home/fogah/01.current.projects/01.lymatria.dispar/GenomeAnnotation.LDA/temp/manitou_20180330_102344908_4hyc//jobCDD/000000021752_000000021785.fasta -db data/cdd/3.16/db/Cdd_NCBI -evalue 0.01 -seg no -outfmt 5 
Error output from binary:
bin/blast/ncbi-blast-2.6.0+/rpsblast: error while loading shared libraries: libgcrypt.so.11: cannot open shared object file: No such file or directory

	at uk.ac.ebi.interpro.scan.management.model.implementations.RunBinaryStep.execute(RunBinaryStep.java:190)
	at uk.ac.ebi.interpro.scan.jms.activemq.StepExecutionTransactionImpl.executeInTransaction(StepExecutionTransactionImpl.java:86)
	at sun.reflect.GeneratedMethodAccessor102.invoke(Unknown Source)
	at sun.reflect.DelegatingMethodAccessorImpl.invoke(DelegatingMethodAccessorImpl.java:43)
	at java.lang.reflect.Method.invoke(Method.java:498)
	at org.springframework.aop.support.AopUtils.invokeJoinpointUsingReflection(AopUtils.java:302)
	at org.springframework.aop.framework.ReflectiveMethodInvocation.invokeJoinpoint(ReflectiveMethodInvocation.java:190)
	at org.springframework.aop.framework.ReflectiveMethodInvocation.proceed(ReflectiveMethodInvocation.java:157)
	at org.springframework.transaction.interceptor.TransactionInterceptor$1.proceedWithInvocation(TransactionInterceptor.java:99)
	at org.springframework.transaction.interceptor.TransactionAspectSupport.invokeWithinTransaction(TransactionAspectSupport.java:281)
	at org.springframework.transaction.interceptor.TransactionInterceptor.invoke(TransactionInterceptor.java:96)
	at org.springframework.aop.framework.ReflectiveMethodInvocation.proceed(ReflectiveMethodInvocation.java:179)
	at org.springframework.aop.framework.JdkDynamicAopProxy.invoke(JdkDynamicAopProxy.java:207)
	at com.sun.proxy.$Proxy108.executeInTransaction(Unknown Source)
	at uk.ac.ebi.interpro.scan.jms.worker.LocalJobQueueListener.onMessage(LocalJobQueueListener.java:192)
	at org.springframework.jms.listener.AbstractMessageListenerContainer.doInvokeListener(AbstractMessageListenerContainer.java:746)
	at org.springframework.jms.listener.AbstractMessageListenerContainer.invokeListener(AbstractMessageListenerContainer.java:684)
	at org.springframework.jms.listener.AbstractMessageListenerContainer.doExecuteListener(AbstractMessageListenerContainer.java:651)
	at org.springframework.jms.listener.AbstractPollingMessageListenerContainer.doReceiveAndExecute(AbstractPollingMessageListenerContainer.java:315)
	at org.springframework.jms.listener.AbstractPollingMessageListenerContainer.receiveAndExecute(AbstractPollingMessageListenerContainer.java:253)
	at org.springframework.jms.listener.DefaultMessageListenerContainer$AsyncMessageListenerInvoker.invokeListener(DefaultMessageListenerContainer.java:1150)
	at org.springframework.jms.listener.DefaultMessageListenerContainer$AsyncMessageListenerInvoker.executeOngoingLoop(DefaultMessageListenerContainer.java:1142)
	at org.springframework.jms.listener.DefaultMessageListenerContainer$AsyncMessageListenerInvoker.run(DefaultMessageListenerContainer.java:1039)
	at java.lang.Thread.run(Thread.java:745)
2018-03-30 10:31:12,734 [amqEmbeddedWorkerJmsContainer-16] [uk.ac.ebi.interpro.scan.jms.worker.LocalJobQueueListener:206] ERROR - StepExecution with errors - stepName: stepCDDRunBinaryRPSblast
2018-03-30 10:31:12,992 [main] [uk.ac.ebi.interpro.scan.jms.master.StandaloneBlackBoxMaster:143] WARN - StepInstance 1184 is being re-run following a failure.
2018-03-30 10:31:16,696 [amqEmbeddedWorkerJmsContainer-29] [uk.ac.ebi.interpro.scan.management.model.implementations.RunBinaryStep:188] ERROR - Command line failed with exit code: 127
Command: bin/blast/ncbi-blast-2.6.0+/rpsblast -query /home/fogah/01.current.projects/01.lymatria.dispar/GenomeAnnotation.LDA/temp/manitou_20180330_102344908_4hyc//jobCDD/000000015001_000000016000.fasta -db data/cdd/3.16/db/Cdd_NCBI -evalue 0.01 -seg no -outfmt 5 
Error output from binary:
bin/blast/ncbi-blast-2.6.0+/rpsblast: error while loading shared libraries: libgcrypt.so.11: cannot open shared object file: No such file or directory

2018-03-30 10:31:16,701 [amqEmbeddedWorkerJmsContainer-29] [uk.ac.ebi.interpro.scan.jms.worker.LocalJobQueueListener:204] ERROR - Execution thrown when attempting to executeInTransaction the StepExecution.  All database activity rolled back.
java.lang.IllegalStateException: Command line failed with exit code: 127
Command: bin/blast/ncbi-blast-2.6.0+/rpsblast -query /home/fogah/01.current.projects/01.lymatria.dispar/GenomeAnnotation.LDA/temp/manitou_20180330_102344908_4hyc//jobCDD/000000015001_000000016000.fasta -db data/cdd/3.16/db/Cdd_NCBI -evalue 0.01 -seg no -outfmt 5 
Error output from binary:
bin/blast/ncbi-blast-2.6.0+/rpsblast: error while loading shared libraries: libgcrypt.so.11: cannot open shared object file: No such file or directory

	at uk.ac.ebi.interpro.scan.management.model.implementations.RunBinaryStep.execute(RunBinaryStep.java:190)
	at uk.ac.ebi.interpro.scan.jms.activemq.StepExecutionTransactionImpl.executeInTransaction(StepExecutionTransactionImpl.java:86)
	at sun.reflect.GeneratedMethodAccessor102.invoke(Unknown Source)
	at sun.reflect.DelegatingMethodAccessorImpl.invoke(DelegatingMethodAccessorImpl.java:43)
	at java.lang.reflect.Method.invoke(Method.java:498)
	at org.springframework.aop.support.AopUtils.invokeJoinpointUsingReflection(AopUtils.java:302)
	at org.springframework.aop.framework.ReflectiveMethodInvocation.invokeJoinpoint(ReflectiveMethodInvocation.java:190)
	at org.springframework.aop.framework.ReflectiveMethodInvocation.proceed(ReflectiveMethodInvocation.java:157)
	at org.springframework.transaction.interceptor.TransactionInterceptor$1.proceedWithInvocation(TransactionInterceptor.java:99)
	at org.springframework.transaction.interceptor.TransactionAspectSupport.invokeWithinTransaction(TransactionAspectSupport.java:281)
	at org.springframework.transaction.interceptor.TransactionInterceptor.invoke(TransactionInterceptor.java:96)
	at org.springframework.aop.framework.ReflectiveMethodInvocation.proceed(ReflectiveMethodInvocation.java:179)
	at org.springframework.aop.framework.JdkDynamicAopProxy.invoke(JdkDynamicAopProxy.java:207)
	at com.sun.proxy.$Proxy108.executeInTransaction(Unknown Source)
	at uk.ac.ebi.interpro.scan.jms.worker.LocalJobQueueListener.onMessage(LocalJobQueueListener.java:192)
	at org.springframework.jms.listener.AbstractMessageListenerContainer.doInvokeListener(AbstractMessageListenerContainer.java:746)
	at org.springframework.jms.listener.AbstractMessageListenerContainer.invokeListener(AbstractMessageListenerContainer.java:684)
	at org.springframework.jms.listener.AbstractMessageListenerContainer.doExecuteListener(AbstractMessageListenerContainer.java:651)
	at org.springframework.jms.listener.AbstractPollingMessageListenerContainer.doReceiveAndExecute(AbstractPollingMessageListenerContainer.java:315)
	at org.springframework.jms.listener.AbstractPollingMessageListenerContainer.receiveAndExecute(AbstractPollingMessageListenerContainer.java:253)
	at org.springframework.jms.listener.DefaultMessageListenerContainer$AsyncMessageListenerInvoker.invokeListener(DefaultMessageListenerContainer.java:1150)
	at org.springframework.jms.listener.DefaultMessageListenerContainer$AsyncMessageListenerInvoker.executeOngoingLoop(DefaultMessageListenerContainer.java:1142)
	at org.springframework.jms.listener.DefaultMessageListenerContainer$AsyncMessageListenerInvoker.run(DefaultMessageListenerContainer.java:1039)
	at java.lang.Thread.run(Thread.java:745)
2018-03-30 10:31:16,702 [amqEmbeddedWorkerJmsContainer-29] [uk.ac.ebi.interpro.scan.jms.worker.LocalJobQueueListener:206] ERROR - StepExecution with errors - stepName: stepCDDRunBinaryRPSblast
2018-03-30 10:31:16,925 [main] [uk.ac.ebi.interpro.scan.jms.master.StandaloneBlackBoxMaster:143] WARN - StepInstance 792 is being re-run following a failure.
30/03/2018 11:21:04:389 25% completed
2018-03-30 11:21:14,475 [amqEmbeddedWorkerJmsContainer-4] [uk.ac.ebi.interpro.scan.management.model.implementations.RunBinaryStep:188] ERROR - Command line failed with exit code: 127
Command: bin/blast/ncbi-blast-2.6.0+/rpsblast -query /home/fogah/01.current.projects/01.lymatria.dispar/GenomeAnnotation.LDA/temp/manitou_20180330_102344908_4hyc//jobCDD/000000018001_000000019000.fasta -db data/cdd/3.16/db/Cdd_NCBI -evalue 0.01 -seg no -outfmt 5 
Error output from binary:
bin/blast/ncbi-blast-2.6.0+/rpsblast: error while loading shared libraries: libgcrypt.so.11: cannot open shared object file: No such file or directory

2018-03-30 11:21:14,477 [amqEmbeddedWorkerJmsContainer-4] [uk.ac.ebi.interpro.scan.jms.worker.LocalJobQueueListener:204] ERROR - Execution thrown when attempting to executeInTransaction the StepExecution.  All database activity rolled back.
java.lang.IllegalStateException: Command line failed with exit code: 127
Command: bin/blast/ncbi-blast-2.6.0+/rpsblast -query /home/fogah/01.current.projects/01.lymatria.dispar/GenomeAnnotation.LDA/temp/manitou_20180330_102344908_4hyc//jobCDD/000000018001_000000019000.fasta -db data/cdd/3.16/db/Cdd_NCBI -evalue 0.01 -seg no -outfmt 5 
Error output from binary:
bin/blast/ncbi-blast-2.6.0+/rpsblast: error while loading shared libraries: libgcrypt.so.11: cannot open shared object file: No such file or directory

	at uk.ac.ebi.interpro.scan.management.model.implementations.RunBinaryStep.execute(RunBinaryStep.java:190)
	at uk.ac.ebi.interpro.scan.jms.activemq.StepExecutionTransactionImpl.executeInTransaction(StepExecutionTransactionImpl.java:86)
	at sun.reflect.GeneratedMethodAccessor102.invoke(Unknown Source)
	at sun.reflect.DelegatingMethodAccessorImpl.invoke(DelegatingMethodAccessorImpl.java:43)
	at java.lang.reflect.Method.invoke(Method.java:498)
	at org.springframework.aop.support.AopUtils.invokeJoinpointUsingReflection(AopUtils.java:302)
	at org.springframework.aop.framework.ReflectiveMethodInvocation.invokeJoinpoint(ReflectiveMethodInvocation.java:190)
	at org.springframework.aop.framework.ReflectiveMethodInvocation.proceed(ReflectiveMethodInvocation.java:157)
	at org.springframework.transaction.interceptor.TransactionInterceptor$1.proceedWithInvocation(TransactionInterceptor.java:99)
	at org.springframework.transaction.interceptor.TransactionAspectSupport.invokeWithinTransaction(TransactionAspectSupport.java:281)
	at org.springframework.transaction.interceptor.TransactionInterceptor.invoke(TransactionInterceptor.java:96)
	at org.springframework.aop.framework.ReflectiveMethodInvocation.proceed(ReflectiveMethodInvocation.java:179)
	at org.springframework.aop.framework.JdkDynamicAopProxy.invoke(JdkDynamicAopProxy.java:207)
	at com.sun.proxy.$Proxy108.executeInTransaction(Unknown Source)
	at uk.ac.ebi.interpro.scan.jms.worker.LocalJobQueueListener.onMessage(LocalJobQueueListener.java:192)
	at org.springframework.jms.listener.AbstractMessageListenerContainer.doInvokeListener(AbstractMessageListenerContainer.java:746)
	at org.springframework.jms.listener.AbstractMessageListenerContainer.invokeListener(AbstractMessageListenerContainer.java:684)
	at org.springframework.jms.listener.AbstractMessageListenerContainer.doExecuteListener(AbstractMessageListenerContainer.java:651)
	at org.springframework.jms.listener.AbstractPollingMessageListenerContainer.doReceiveAndExecute(AbstractPollingMessageListenerContainer.java:315)
	at org.springframework.jms.listener.AbstractPollingMessageListenerContainer.receiveAndExecute(AbstractPollingMessageListenerContainer.java:253)
	at org.springframework.jms.listener.DefaultMessageListenerContainer$AsyncMessageListenerInvoker.invokeListener(DefaultMessageListenerContainer.java:1150)
	at org.springframework.jms.listener.DefaultMessageListenerContainer$AsyncMessageListenerInvoker.executeOngoingLoop(DefaultMessageListenerContainer.java:1142)
	at org.springframework.jms.listener.DefaultMessageListenerContainer$AsyncMessageListenerInvoker.run(DefaultMessageListenerContainer.java:1039)
	at java.lang.Thread.run(Thread.java:745)
2018-03-30 11:21:14,490 [amqEmbeddedWorkerJmsContainer-4] [uk.ac.ebi.interpro.scan.jms.worker.LocalJobQueueListener:206] ERROR - StepExecution with errors - stepName: stepCDDRunBinaryRPSblast
2018-03-30 11:21:14,928 [main] [uk.ac.ebi.interpro.scan.jms.master.StandaloneBlackBoxMaster:143] WARN - StepInstance 722 is being re-run following a failure.
2018-03-30 11:27:32,342 [amqEmbeddedWorkerJmsContainer-27] [uk.ac.ebi.interpro.scan.management.model.implementations.RunBinaryStep:188] ERROR - Command line failed with exit code: 127
Command: bin/blast/ncbi-blast-2.6.0+/rpsblast -query /home/fogah/01.current.projects/01.lymatria.dispar/GenomeAnnotation.LDA/temp/manitou_20180330_102344908_4hyc//jobCDD/000000003001_000000004000.fasta -db data/cdd/3.16/db/Cdd_NCBI -evalue 0.01 -seg no -outfmt 5 
Error output from binary:
bin/blast/ncbi-blast-2.6.0+/rpsblast: error while loading shared libraries: libgcrypt.so.11: cannot open shared object file: No such file or directory

2018-03-30 11:27:32,344 [amqEmbeddedWorkerJmsContainer-27] [uk.ac.ebi.interpro.scan.jms.worker.LocalJobQueueListener:204] ERROR - Execution thrown when attempting to executeInTransaction the StepExecution.  All database activity rolled back.
java.lang.IllegalStateException: Command line failed with exit code: 127
Command: bin/blast/ncbi-blast-2.6.0+/rpsblast -query /home/fogah/01.current.projects/01.lymatria.dispar/GenomeAnnotation.LDA/temp/manitou_20180330_102344908_4hyc//jobCDD/000000003001_000000004000.fasta -db data/cdd/3.16/db/Cdd_NCBI -evalue 0.01 -seg no -outfmt 5 
Error output from binary:
bin/blast/ncbi-blast-2.6.0+/rpsblast: error while loading shared libraries: libgcrypt.so.11: cannot open shared object file: No such file or directory

	at uk.ac.ebi.interpro.scan.management.model.implementations.RunBinaryStep.execute(RunBinaryStep.java:190)
	at uk.ac.ebi.interpro.scan.jms.activemq.StepExecutionTransactionImpl.executeInTransaction(StepExecutionTransactionImpl.java:86)
	at sun.reflect.GeneratedMethodAccessor102.invoke(Unknown Source)
	at sun.reflect.DelegatingMethodAccessorImpl.invoke(DelegatingMethodAccessorImpl.java:43)
	at java.lang.reflect.Method.invoke(Method.java:498)
	at org.springframework.aop.support.AopUtils.invokeJoinpointUsingReflection(AopUtils.java:302)
	at org.springframework.aop.framework.ReflectiveMethodInvocation.invokeJoinpoint(ReflectiveMethodInvocation.java:190)
	at org.springframework.aop.framework.ReflectiveMethodInvocation.proceed(ReflectiveMethodInvocation.java:157)
	at org.springframework.transaction.interceptor.TransactionInterceptor$1.proceedWithInvocation(TransactionInterceptor.java:99)
	at org.springframework.transaction.interceptor.TransactionAspectSupport.invokeWithinTransaction(TransactionAspectSupport.java:281)
	at org.springframework.transaction.interceptor.TransactionInterceptor.invoke(TransactionInterceptor.java:96)
	at org.springframework.aop.framework.ReflectiveMethodInvocation.proceed(ReflectiveMethodInvocation.java:179)
	at org.springframework.aop.framework.JdkDynamicAopProxy.invoke(JdkDynamicAopProxy.java:207)
	at com.sun.proxy.$Proxy108.executeInTransaction(Unknown Source)
	at uk.ac.ebi.interpro.scan.jms.worker.LocalJobQueueListener.onMessage(LocalJobQueueListener.java:192)
	at org.springframework.jms.listener.AbstractMessageListenerContainer.doInvokeListener(AbstractMessageListenerContainer.java:746)
	at org.springframework.jms.listener.AbstractMessageListenerContainer.invokeListener(AbstractMessageListenerContainer.java:684)
	at org.springframework.jms.listener.AbstractMessageListenerContainer.doExecuteListener(AbstractMessageListenerContainer.java:651)
	at org.springframework.jms.listener.AbstractPollingMessageListenerContainer.doReceiveAndExecute(AbstractPollingMessageListenerContainer.java:315)
	at org.springframework.jms.listener.AbstractPollingMessageListenerContainer.receiveAndExecute(AbstractPollingMessageListenerContainer.java:253)
	at org.springframework.jms.listener.DefaultMessageListenerContainer$AsyncMessageListenerInvoker.invokeListener(DefaultMessageListenerContainer.java:1150)
	at org.springframework.jms.listener.DefaultMessageListenerContainer$AsyncMessageListenerInvoker.executeOngoingLoop(DefaultMessageListenerContainer.java:1142)
	at org.springframework.jms.listener.DefaultMessageListenerContainer$AsyncMessageListenerInvoker.run(DefaultMessageListenerContainer.java:1039)
	at java.lang.Thread.run(Thread.java:745)
2018-03-30 11:27:32,344 [amqEmbeddedWorkerJmsContainer-27] [uk.ac.ebi.interpro.scan.jms.worker.LocalJobQueueListener:206] ERROR - StepExecution with errors - stepName: stepCDDRunBinaryRPSblast
2018-03-30 11:27:32,853 [main] [uk.ac.ebi.interpro.scan.jms.master.StandaloneBlackBoxMaster:143] WARN - StepInstance 796 is being re-run following a failure.
2018-03-30 11:28:24,093 [amqEmbeddedWorkerJmsContainer-27] [uk.ac.ebi.interpro.scan.management.model.implementations.RunBinaryStep:188] ERROR - Command line failed with exit code: 127
Command: bin/blast/ncbi-blast-2.6.0+/rpsblast -query /home/fogah/01.current.projects/01.lymatria.dispar/GenomeAnnotation.LDA/temp/manitou_20180330_102344908_4hyc//jobCDD/000000003001_000000004000.fasta -db data/cdd/3.16/db/Cdd_NCBI -evalue 0.01 -seg no -outfmt 5 
Error output from binary:
bin/blast/ncbi-blast-2.6.0+/rpsblast: error while loading shared libraries: libgcrypt.so.11: cannot open shared object file: No such file or directory

2018-03-30 11:28:24,094 [amqEmbeddedWorkerJmsContainer-27] [uk.ac.ebi.interpro.scan.jms.worker.LocalJobQueueListener:204] ERROR - Execution thrown when attempting to executeInTransaction the StepExecution.  All database activity rolled back.
java.lang.IllegalStateException: Command line failed with exit code: 127
Command: bin/blast/ncbi-blast-2.6.0+/rpsblast -query /home/fogah/01.current.projects/01.lymatria.dispar/GenomeAnnotation.LDA/temp/manitou_20180330_102344908_4hyc//jobCDD/000000003001_000000004000.fasta -db data/cdd/3.16/db/Cdd_NCBI -evalue 0.01 -seg no -outfmt 5 
Error output from binary:
bin/blast/ncbi-blast-2.6.0+/rpsblast: error while loading shared libraries: libgcrypt.so.11: cannot open shared object file: No such file or directory

	at uk.ac.ebi.interpro.scan.management.model.implementations.RunBinaryStep.execute(RunBinaryStep.java:190)
	at uk.ac.ebi.interpro.scan.jms.activemq.StepExecutionTransactionImpl.executeInTransaction(StepExecutionTransactionImpl.java:86)
	at sun.reflect.GeneratedMethodAccessor102.invoke(Unknown Source)
	at sun.reflect.DelegatingMethodAccessorImpl.invoke(DelegatingMethodAccessorImpl.java:43)
	at java.lang.reflect.Method.invoke(Method.java:498)
	at org.springframework.aop.support.AopUtils.invokeJoinpointUsingReflection(AopUtils.java:302)
	at org.springframework.aop.framework.ReflectiveMethodInvocation.invokeJoinpoint(ReflectiveMethodInvocation.java:190)
	at org.springframework.aop.framework.ReflectiveMethodInvocation.proceed(ReflectiveMethodInvocation.java:157)
	at org.springframework.transaction.interceptor.TransactionInterceptor$1.proceedWithInvocation(TransactionInterceptor.java:99)
	at org.springframework.transaction.interceptor.TransactionAspectSupport.invokeWithinTransaction(TransactionAspectSupport.java:281)
	at org.springframework.transaction.interceptor.TransactionInterceptor.invoke(TransactionInterceptor.java:96)
	at org.springframework.aop.framework.ReflectiveMethodInvocation.proceed(ReflectiveMethodInvocation.java:179)
	at org.springframework.aop.framework.JdkDynamicAopProxy.invoke(JdkDynamicAopProxy.java:207)
	at com.sun.proxy.$Proxy108.executeInTransaction(Unknown Source)
	at uk.ac.ebi.interpro.scan.jms.worker.LocalJobQueueListener.onMessage(LocalJobQueueListener.java:192)
	at org.springframework.jms.listener.AbstractMessageListenerContainer.doInvokeListener(AbstractMessageListenerContainer.java:746)
	at org.springframework.jms.listener.AbstractMessageListenerContainer.invokeListener(AbstractMessageListenerContainer.java:684)
	at org.springframework.jms.listener.AbstractMessageListenerContainer.doExecuteListener(AbstractMessageListenerContainer.java:651)
	at org.springframework.jms.listener.AbstractPollingMessageListenerContainer.doReceiveAndExecute(AbstractPollingMessageListenerContainer.java:315)
	at org.springframework.jms.listener.AbstractPollingMessageListenerContainer.receiveAndExecute(AbstractPollingMessageListenerContainer.java:253)
	at org.springframework.jms.listener.DefaultMessageListenerContainer$AsyncMessageListenerInvoker.invokeListener(DefaultMessageListenerContainer.java:1150)
	at org.springframework.jms.listener.DefaultMessageListenerContainer$AsyncMessageListenerInvoker.executeOngoingLoop(DefaultMessageListenerContainer.java:1142)
	at org.springframework.jms.listener.DefaultMessageListenerContainer$AsyncMessageListenerInvoker.run(DefaultMessageListenerContainer.java:1039)
	at java.lang.Thread.run(Thread.java:745)
2018-03-30 11:28:24,095 [amqEmbeddedWorkerJmsContainer-27] [uk.ac.ebi.interpro.scan.jms.worker.LocalJobQueueListener:206] ERROR - StepExecution with errors - stepName: stepCDDRunBinaryRPSblast
2018-03-30 11:28:24,343 [main] [uk.ac.ebi.interpro.scan.jms.master.StandaloneBlackBoxMaster:143] WARN - StepInstance 796 is being re-run following a failure.
2018-03-30 11:28:34,334 [amqEmbeddedWorkerJmsContainer-27] [uk.ac.ebi.interpro.scan.management.model.implementations.RunBinaryStep:188] ERROR - Command line failed with exit code: 127
Command: bin/blast/ncbi-blast-2.6.0+/rpsblast -query /home/fogah/01.current.projects/01.lymatria.dispar/GenomeAnnotation.LDA/temp/manitou_20180330_102344908_4hyc//jobCDD/000000003001_000000004000.fasta -db data/cdd/3.16/db/Cdd_NCBI -evalue 0.01 -seg no -outfmt 5 
Error output from binary:
bin/blast/ncbi-blast-2.6.0+/rpsblast: error while loading shared libraries: libgcrypt.so.11: cannot open shared object file: No such file or directory

2018-03-30 11:28:34,335 [amqEmbeddedWorkerJmsContainer-27] [uk.ac.ebi.interpro.scan.jms.worker.LocalJobQueueListener:204] ERROR - Execution thrown when attempting to executeInTransaction the StepExecution.  All database activity rolled back.
java.lang.IllegalStateException: Command line failed with exit code: 127
Command: bin/blast/ncbi-blast-2.6.0+/rpsblast -query /home/fogah/01.current.projects/01.lymatria.dispar/GenomeAnnotation.LDA/temp/manitou_20180330_102344908_4hyc//jobCDD/000000003001_000000004000.fasta -db data/cdd/3.16/db/Cdd_NCBI -evalue 0.01 -seg no -outfmt 5 
Error output from binary:
bin/blast/ncbi-blast-2.6.0+/rpsblast: error while loading shared libraries: libgcrypt.so.11: cannot open shared object file: No such file or directory

	at uk.ac.ebi.interpro.scan.management.model.implementations.RunBinaryStep.execute(RunBinaryStep.java:190)
	at uk.ac.ebi.interpro.scan.jms.activemq.StepExecutionTransactionImpl.executeInTransaction(StepExecutionTransactionImpl.java:86)
	at sun.reflect.GeneratedMethodAccessor102.invoke(Unknown Source)
	at sun.reflect.DelegatingMethodAccessorImpl.invoke(DelegatingMethodAccessorImpl.java:43)
	at java.lang.reflect.Method.invoke(Method.java:498)
	at org.springframework.aop.support.AopUtils.invokeJoinpointUsingReflection(AopUtils.java:302)
	at org.springframework.aop.framework.ReflectiveMethodInvocation.invokeJoinpoint(ReflectiveMethodInvocation.java:190)
	at org.springframework.aop.framework.ReflectiveMethodInvocation.proceed(ReflectiveMethodInvocation.java:157)
	at org.springframework.transaction.interceptor.TransactionInterceptor$1.proceedWithInvocation(TransactionInterceptor.java:99)
	at org.springframework.transaction.interceptor.TransactionAspectSupport.invokeWithinTransaction(TransactionAspectSupport.java:281)
	at org.springframework.transaction.interceptor.TransactionInterceptor.invoke(TransactionInterceptor.java:96)
	at org.springframework.aop.framework.ReflectiveMethodInvocation.proceed(ReflectiveMethodInvocation.java:179)
	at org.springframework.aop.framework.JdkDynamicAopProxy.invoke(JdkDynamicAopProxy.java:207)
	at com.sun.proxy.$Proxy108.executeInTransaction(Unknown Source)
	at uk.ac.ebi.interpro.scan.jms.worker.LocalJobQueueListener.onMessage(LocalJobQueueListener.java:192)
	at org.springframework.jms.listener.AbstractMessageListenerContainer.doInvokeListener(AbstractMessageListenerContainer.java:746)
	at org.springframework.jms.listener.AbstractMessageListenerContainer.invokeListener(AbstractMessageListenerContainer.java:684)
	at org.springframework.jms.listener.AbstractMessageListenerContainer.doExecuteListener(AbstractMessageListenerContainer.java:651)
	at org.springframework.jms.listener.AbstractPollingMessageListenerContainer.doReceiveAndExecute(AbstractPollingMessageListenerContainer.java:315)
	at org.springframework.jms.listener.AbstractPollingMessageListenerContainer.receiveAndExecute(AbstractPollingMessageListenerContainer.java:253)
	at org.springframework.jms.listener.DefaultMessageListenerContainer$AsyncMessageListenerInvoker.invokeListener(DefaultMessageListenerContainer.java:1150)
	at org.springframework.jms.listener.DefaultMessageListenerContainer$AsyncMessageListenerInvoker.executeOngoingLoop(DefaultMessageListenerContainer.java:1142)
	at org.springframework.jms.listener.DefaultMessageListenerContainer$AsyncMessageListenerInvoker.run(DefaultMessageListenerContainer.java:1039)
	at java.lang.Thread.run(Thread.java:745)
2018-03-30 11:28:34,335 [amqEmbeddedWorkerJmsContainer-27] [uk.ac.ebi.interpro.scan.jms.worker.LocalJobQueueListener:206] ERROR - StepExecution with errors - stepName: stepCDDRunBinaryRPSblast
2018-03-30 11:28:34,612 [main] [uk.ac.ebi.interpro.scan.jms.activemq.NonZeroExitOnUnrecoverableError:24] FATAL - Analysis step 796 : Run CDD Binary for selected proteins for proteins 3001 to 4000 has failed irretrievably.  Available StackTraces follow.
2018-03-30 11:28:34,614 [main] [uk.ac.ebi.interpro.scan.jms.activemq.NonZeroExitOnUnrecoverableError:41] FATAL - The JVM will now exit with a non-zero exit status.
2018-03-30 11:28:34,615 [main] [uk.ac.ebi.interpro.scan.jms.master.StandaloneBlackBoxMaster:258] ERROR - Exception thrown by StandaloneBlackBoxMaster: 
java.lang.IllegalStateException: InterProScan exiting with non-zero status, see logs for further information.
	at uk.ac.ebi.interpro.scan.jms.activemq.NonZeroExitOnUnrecoverableError.failed(NonZeroExitOnUnrecoverableError.java:42)
	at uk.ac.ebi.interpro.scan.jms.master.StandaloneBlackBoxMaster.run(StandaloneBlackBoxMaster.java:134)
	at uk.ac.ebi.interpro.scan.jms.main.Run.main(Run.java:377)
2018-03-30 11:28:36,598 [amqEmbeddedWorkerJmsContainer-36] [uk.ac.ebi.interpro.scan.management.model.implementations.RunBinaryStep:188] ERROR - Command line failed with exit code: 2
Command: bin/prosite/ps_scan.pl -d data/prosite/2017_09/prosite.dat -w bin/prosite/pfsearch -s -m -o gff -y data/prosite/2017_09/prosite_models /home/fogah/01.current.projects/01.lymatria.dispar/GenomeAnnotation.LDA/temp/manitou_20180330_102344908_4hyc//jobPrositeProfiles/000000014001_000000015000.fasta 
Error output from binary:
 Error: Unable to open sequence file '
 /home/fogah/01.current.projects/01.lymatria.dispar/GenomeAnnotation.LDA/temp/manitou_20180330_102344908_4hyc//jobPrositeProfiles/000000014001_000000015000.fasta
 '.
Could not execute bin/prosite/pfsearch  -lxz data/prosite/2017_09/prosite_models/PS51500.prf /home/fogah/01.current.projects/01.lymatria.dispar/GenomeAnnotation.LDA/temp/manitou_20180330_102344908_4hyc//jobPrositeProfiles/000000014001_000000015000.fasta C=6.5 > /home/fogah/01.current.projects/01.lymatria.dispar/GenomeAnnotation.LDA/temp/manitou_20180330_102344908_4hyc//jobPrositeProfiles//manitou/tmpdir_000000014001_000000015000//ps482761-885.tmp at bin/prosite/ps_scan.pl line 1960.

2018-03-30 11:28:36,598 [amqEmbeddedWorkerJmsContainer-36] [uk.ac.ebi.interpro.scan.jms.worker.LocalJobQueueListener:204] ERROR - Execution thrown when attempting to executeInTransaction the StepExecution.  All database activity rolled back.
java.lang.IllegalStateException: Command line failed with exit code: 2
Command: bin/prosite/ps_scan.pl -d data/prosite/2017_09/prosite.dat -w bin/prosite/pfsearch -s -m -o gff -y data/prosite/2017_09/prosite_models /home/fogah/01.current.projects/01.lymatria.dispar/GenomeAnnotation.LDA/temp/manitou_20180330_102344908_4hyc//jobPrositeProfiles/000000014001_000000015000.fasta 
Error output from binary:
 Error: Unable to open sequence file '
 /home/fogah/01.current.projects/01.lymatria.dispar/GenomeAnnotation.LDA/temp/manitou_20180330_102344908_4hyc//jobPrositeProfiles/000000014001_000000015000.fasta
 '.
Could not execute bin/prosite/pfsearch  -lxz data/prosite/2017_09/prosite_models/PS51500.prf /home/fogah/01.current.projects/01.lymatria.dispar/GenomeAnnotation.LDA/temp/manitou_20180330_102344908_4hyc//jobPrositeProfiles/000000014001_000000015000.fasta C=6.5 > /home/fogah/01.current.projects/01.lymatria.dispar/GenomeAnnotation.LDA/temp/manitou_20180330_102344908_4hyc//jobPrositeProfiles//manitou/tmpdir_000000014001_000000015000//ps482761-885.tmp at bin/prosite/ps_scan.pl line 1960.

	at uk.ac.ebi.interpro.scan.management.model.implementations.RunBinaryStep.execute(RunBinaryStep.java:190)
	at uk.ac.ebi.interpro.scan.jms.activemq.StepExecutionTransactionImpl.executeInTransaction(StepExecutionTransactionImpl.java:86)
	at sun.reflect.GeneratedMethodAccessor102.invoke(Unknown Source)
	at sun.reflect.DelegatingMethodAccessorImpl.invoke(DelegatingMethodAccessorImpl.java:43)
	at java.lang.reflect.Method.invoke(Method.java:498)
	at org.springframework.aop.support.AopUtils.invokeJoinpointUsingReflection(AopUtils.java:302)
	at org.springframework.aop.framework.ReflectiveMethodInvocation.invokeJoinpoint(ReflectiveMethodInvocation.java:190)
	at org.springframework.aop.framework.ReflectiveMethodInvocation.proceed(ReflectiveMethodInvocation.java:157)
	at org.springframework.transaction.interceptor.TransactionInterceptor$1.proceedWithInvocation(TransactionInterceptor.java:99)
	at org.springframework.transaction.interceptor.TransactionAspectSupport.invokeWithinTransaction(TransactionAspectSupport.java:281)
	at org.springframework.transaction.interceptor.TransactionInterceptor.invoke(TransactionInterceptor.java:96)
	at org.springframework.aop.framework.ReflectiveMethodInvocation.proceed(ReflectiveMethodInvocation.java:179)
	at org.springframework.aop.framework.JdkDynamicAopProxy.invoke(JdkDynamicAopProxy.java:207)
	at com.sun.proxy.$Proxy108.executeInTransaction(Unknown Source)
	at uk.ac.ebi.interpro.scan.jms.worker.LocalJobQueueListener.onMessage(LocalJobQueueListener.java:192)
	at org.springframework.jms.listener.AbstractMessageListenerContainer.doInvokeListener(AbstractMessageListenerContainer.java:746)
	at org.springframework.jms.listener.AbstractMessageListenerContainer.invokeListener(AbstractMessageListenerContainer.java:684)
	at org.springframework.jms.listener.AbstractMessageListenerContainer.doExecuteListener(AbstractMessageListenerContainer.java:651)
	at org.springframework.jms.listener.AbstractPollingMessageListenerContainer.doReceiveAndExecute(AbstractPollingMessageListenerContainer.java:315)
	at org.springframework.jms.listener.AbstractPollingMessageListenerContainer.receiveAndExecute(AbstractPollingMessageListenerContainer.java:253)
	at org.springframework.jms.listener.DefaultMessageListenerContainer$AsyncMessageListenerInvoker.invokeListener(DefaultMessageListenerContainer.java:1150)
	at org.springframework.jms.listener.DefaultMessageListenerContainer$AsyncMessageListenerInvoker.executeOngoingLoop(DefaultMessageListenerContainer.java:1142)
	at org.springframework.jms.listener.DefaultMessageListenerContainer$AsyncMessageListenerInvoker.run(DefaultMessageListenerContainer.java:1039)
	at java.lang.Thread.run(Thread.java:745)
2018-03-30 11:28:36,599 [amqEmbeddedWorkerJmsContainer-36] [uk.ac.ebi.interpro.scan.jms.worker.LocalJobQueueListener:206] ERROR - StepExecution with errors - stepName: stepPrositeProfilesRunBinary
2018-03-30 11:28:36,846 [amqEmbeddedWorkerJmsContainer-19] [uk.ac.ebi.interpro.scan.management.model.implementations.RunBinaryStep:188] ERROR - Command line failed with exit code: 2
Command: bin/prosite/ps_scan.pl -d data/prosite/2017_09/prosite.dat -w bin/prosite/pfsearch -s -m -o gff -y data/prosite/2017_09/prosite_models /home/fogah/01.current.projects/01.lymatria.dispar/GenomeAnnotation.LDA/temp/manitou_20180330_102344908_4hyc//jobPrositeProfiles/000000006001_000000007000.fasta 
Error output from binary:
Cannot open /home/fogah/01.current.projects/01.lymatria.dispar/GenomeAnnotation.LDA/temp/manitou_20180330_102344908_4hyc//jobPrositeProfiles//manitou/tmpdir_000000006001_000000007000//ps729640-427.tmp: Aucun fichier ou dossier de ce type at bin/prosite/ps_scan.pl line 1962.

2018-03-30 11:28:36,847 [amqEmbeddedWorkerJmsContainer-19] [uk.ac.ebi.interpro.scan.jms.worker.LocalJobQueueListener:204] ERROR - Execution thrown when attempting to executeInTransaction the StepExecution.  All database activity rolled back.
java.lang.IllegalStateException: Command line failed with exit code: 2
Command: bin/prosite/ps_scan.pl -d data/prosite/2017_09/prosite.dat -w bin/prosite/pfsearch -s -m -o gff -y data/prosite/2017_09/prosite_models /home/fogah/01.current.projects/01.lymatria.dispar/GenomeAnnotation.LDA/temp/manitou_20180330_102344908_4hyc//jobPrositeProfiles/000000006001_000000007000.fasta 
Error output from binary:
Cannot open /home/fogah/01.current.projects/01.lymatria.dispar/GenomeAnnotation.LDA/temp/manitou_20180330_102344908_4hyc//jobPrositeProfiles//manitou/tmpdir_000000006001_000000007000//ps729640-427.tmp: Aucun fichier ou dossier de ce type at bin/prosite/ps_scan.pl line 1962.

	at uk.ac.ebi.interpro.scan.management.model.implementations.RunBinaryStep.execute(RunBinaryStep.java:190)
	at uk.ac.ebi.interpro.scan.jms.activemq.StepExecutionTransactionImpl.executeInTransaction(StepExecutionTransactionImpl.java:86)
	at sun.reflect.GeneratedMethodAccessor102.invoke(Unknown Source)
	at sun.reflect.DelegatingMethodAccessorImpl.invoke(DelegatingMethodAccessorImpl.java:43)
	at java.lang.reflect.Method.invoke(Method.java:498)
	at org.springframework.aop.support.AopUtils.invokeJoinpointUsingReflection(AopUtils.java:302)
	at org.springframework.aop.framework.ReflectiveMethodInvocation.invokeJoinpoint(ReflectiveMethodInvocation.java:190)
	at org.springframework.aop.framework.ReflectiveMethodInvocation.proceed(ReflectiveMethodInvocation.java:157)
	at org.springframework.transaction.interceptor.TransactionInterceptor$1.proceedWithInvocation(TransactionInterceptor.java:99)
	at org.springframework.transaction.interceptor.TransactionAspectSupport.invokeWithinTransaction(TransactionAspectSupport.java:281)
	at org.springframework.transaction.interceptor.TransactionInterceptor.invoke(TransactionInterceptor.java:96)
	at org.springframework.aop.framework.ReflectiveMethodInvocation.proceed(ReflectiveMethodInvocation.java:179)
	at org.springframework.aop.framework.JdkDynamicAopProxy.invoke(JdkDynamicAopProxy.java:207)
	at com.sun.proxy.$Proxy108.executeInTransaction(Unknown Source)
	at uk.ac.ebi.interpro.scan.jms.worker.LocalJobQueueListener.onMessage(LocalJobQueueListener.java:192)
	at org.springframework.jms.listener.AbstractMessageListenerContainer.doInvokeListener(AbstractMessageListenerContainer.java:746)
	at org.springframework.jms.listener.AbstractMessageListenerContainer.invokeListener(AbstractMessageListenerContainer.java:684)
	at org.springframework.jms.listener.AbstractMessageListenerContainer.doExecuteListener(AbstractMessageListenerContainer.java:651)
	at org.springframework.jms.listener.AbstractPollingMessageListenerContainer.doReceiveAndExecute(AbstractPollingMessageListenerContainer.java:315)
	at org.springframework.jms.listener.AbstractPollingMessageListenerContainer.receiveAndExecute(AbstractPollingMessageListenerContainer.java:253)
	at org.springframework.jms.listener.DefaultMessageListenerContainer$AsyncMessageListenerInvoker.invokeListener(DefaultMessageListenerContainer.java:1150)
	at org.springframework.jms.listener.DefaultMessageListenerContainer$AsyncMessageListenerInvoker.executeOngoingLoop(DefaultMessageListenerContainer.java:1142)
	at org.springframework.jms.listener.DefaultMessageListenerContainer$AsyncMessageListenerInvoker.run(DefaultMessageListenerContainer.java:1039)
	at java.lang.Thread.run(Thread.java:745)
2018-03-30 11:28:36,847 [amqEmbeddedWorkerJmsContainer-19] [uk.ac.ebi.interpro.scan.jms.worker.LocalJobQueueListener:206] ERROR - StepExecution with errors - stepName: stepPrositeProfilesRunBinary
2018-03-30 11:28:36,903 [amqEmbeddedWorkerJmsContainer-13] [uk.ac.ebi.interpro.scan.management.model.implementations.RunBinaryStep:188] ERROR - Command line failed with exit code: 2
Command: bin/prosite/ps_scan.pl -d data/prosite/2017_09/prosite.dat -w bin/prosite/pfsearch -s -m -o gff -y data/prosite/2017_09/prosite_models /home/fogah/01.current.projects/01.lymatria.dispar/GenomeAnnotation.LDA/temp/manitou_20180330_102344908_4hyc//jobPrositeProfiles/000000017001_000000018000.fasta 
Error output from binary:
Cannot open /home/fogah/01.current.projects/01.lymatria.dispar/GenomeAnnotation.LDA/temp/manitou_20180330_102344908_4hyc//jobPrositeProfiles//manitou/tmpdir_000000017001_000000018000//ps687035-1063.tmp: Aucun fichier ou dossier de ce type at bin/prosite/ps_scan.pl line 1962.

2018-03-30 11:28:36,904 [amqEmbeddedWorkerJmsContainer-13] [uk.ac.ebi.interpro.scan.jms.worker.LocalJobQueueListener:204] ERROR - Execution thrown when attempting to executeInTransaction the StepExecution.  All database activity rolled back.
java.lang.IllegalStateException: Command line failed with exit code: 2
Command: bin/prosite/ps_scan.pl -d data/prosite/2017_09/prosite.dat -w bin/prosite/pfsearch -s -m -o gff -y data/prosite/2017_09/prosite_models /home/fogah/01.current.projects/01.lymatria.dispar/GenomeAnnotation.LDA/temp/manitou_20180330_102344908_4hyc//jobPrositeProfiles/000000017001_000000018000.fasta 
Error output from binary:
Cannot open /home/fogah/01.current.projects/01.lymatria.dispar/GenomeAnnotation.LDA/temp/manitou_20180330_102344908_4hyc//jobPrositeProfiles//manitou/tmpdir_000000017001_000000018000//ps687035-1063.tmp: Aucun fichier ou dossier de ce type at bin/prosite/ps_scan.pl line 1962.

	at uk.ac.ebi.interpro.scan.management.model.implementations.RunBinaryStep.execute(RunBinaryStep.java:190)
	at uk.ac.ebi.interpro.scan.jms.activemq.StepExecutionTransactionImpl.executeInTransaction(StepExecutionTransactionImpl.java:86)
	at sun.reflect.GeneratedMethodAccessor102.invoke(Unknown Source)
	at sun.reflect.DelegatingMethodAccessorImpl.invoke(DelegatingMethodAccessorImpl.java:43)
	at java.lang.reflect.Method.invoke(Method.java:498)
	at org.springframework.aop.support.AopUtils.invokeJoinpointUsingReflection(AopUtils.java:302)
	at org.springframework.aop.framework.ReflectiveMethodInvocation.invokeJoinpoint(ReflectiveMethodInvocation.java:190)
	at org.springframework.aop.framework.ReflectiveMethodInvocation.proceed(ReflectiveMethodInvocation.java:157)
	at org.springframework.transaction.interceptor.TransactionInterceptor$1.proceedWithInvocation(TransactionInterceptor.java:99)
	at org.springframework.transaction.interceptor.TransactionAspectSupport.invokeWithinTransaction(TransactionAspectSupport.java:281)
	at org.springframework.transaction.interceptor.TransactionInterceptor.invoke(TransactionInterceptor.java:96)
	at org.springframework.aop.framework.ReflectiveMethodInvocation.proceed(ReflectiveMethodInvocation.java:179)
	at org.springframework.aop.framework.JdkDynamicAopProxy.invoke(JdkDynamicAopProxy.java:207)
	at com.sun.proxy.$Proxy108.executeInTransaction(Unknown Source)
	at uk.ac.ebi.interpro.scan.jms.worker.LocalJobQueueListener.onMessage(LocalJobQueueListener.java:192)
	at org.springframework.jms.listener.AbstractMessageListenerContainer.doInvokeListener(AbstractMessageListenerContainer.java:746)
	at org.springframework.jms.listener.AbstractMessageListenerContainer.invokeListener(AbstractMessageListenerContainer.java:684)
	at org.springframework.jms.listener.AbstractMessageListenerContainer.doExecuteListener(AbstractMessageListenerContainer.java:651)
	at org.springframework.jms.listener.AbstractPollingMessageListenerContainer.doReceiveAndExecute(AbstractPollingMessageListenerContainer.java:315)
	at org.springframework.jms.listener.AbstractPollingMessageListenerContainer.receiveAndExecute(AbstractPollingMessageListenerContainer.java:253)
	at org.springframework.jms.listener.DefaultMessageListenerContainer$AsyncMessageListenerInvoker.invokeListener(DefaultMessageListenerContainer.java:1150)
	at org.springframework.jms.listener.DefaultMessageListenerContainer$AsyncMessageListenerInvoker.executeOngoingLoop(DefaultMessageListenerContainer.java:1142)
	at org.springframework.jms.listener.DefaultMessageListenerContainer$AsyncMessageListenerInvoker.run(DefaultMessageListenerContainer.java:1039)
	at java.lang.Thread.run(Thread.java:745)
2018-03-30 11:28:36,905 [amqEmbeddedWorkerJmsContainer-13] [uk.ac.ebi.interpro.scan.jms.worker.LocalJobQueueListener:206] ERROR - StepExecution with errors - stepName: stepPrositeProfilesRunBinary
2018-03-30 11:28:36,919 [amqEmbeddedWorkerJmsContainer-32] [uk.ac.ebi.interpro.scan.management.model.implementations.RunBinaryStep:188] ERROR - Command line failed with exit code: 2
Command: bin/prosite/ps_scan.pl -d data/prosite/2017_09/prosite.dat -w bin/prosite/pfsearch -s -m -o gff -y data/prosite/2017_09/prosite_models /home/fogah/01.current.projects/01.lymatria.dispar/GenomeAnnotation.LDA/temp/manitou_20180330_102344908_4hyc//jobPrositeProfiles/000000010001_000000011000.fasta 
Error output from binary:
Cannot open /home/fogah/01.current.projects/01.lymatria.dispar/GenomeAnnotation.LDA/temp/manitou_20180330_102344908_4hyc//jobPrositeProfiles//manitou/tmpdir_000000010001_000000011000//ps269285-51.tmp: Aucun fichier ou dossier de ce type at bin/prosite/ps_scan.pl line 1962.

2018-03-30 11:28:36,920 [amqEmbeddedWorkerJmsContainer-32] [uk.ac.ebi.interpro.scan.jms.worker.LocalJobQueueListener:204] ERROR - Execution thrown when attempting to executeInTransaction the StepExecution.  All database activity rolled back.
java.lang.IllegalStateException: Command line failed with exit code: 2
Command: bin/prosite/ps_scan.pl -d data/prosite/2017_09/prosite.dat -w bin/prosite/pfsearch -s -m -o gff -y data/prosite/2017_09/prosite_models /home/fogah/01.current.projects/01.lymatria.dispar/GenomeAnnotation.LDA/temp/manitou_20180330_102344908_4hyc//jobPrositeProfiles/000000010001_000000011000.fasta 
Error output from binary:
Cannot open /home/fogah/01.current.projects/01.lymatria.dispar/GenomeAnnotation.LDA/temp/manitou_20180330_102344908_4hyc//jobPrositeProfiles//manitou/tmpdir_000000010001_000000011000//ps269285-51.tmp: Aucun fichier ou dossier de ce type at bin/prosite/ps_scan.pl line 1962.

	at uk.ac.ebi.interpro.scan.management.model.implementations.RunBinaryStep.execute(RunBinaryStep.java:190)
	at uk.ac.ebi.interpro.scan.jms.activemq.StepExecutionTransactionImpl.executeInTransaction(StepExecutionTransactionImpl.java:86)
	at sun.reflect.GeneratedMethodAccessor102.invoke(Unknown Source)
	at sun.reflect.DelegatingMethodAccessorImpl.invoke(DelegatingMethodAccessorImpl.java:43)
	at java.lang.reflect.Method.invoke(Method.java:498)
	at org.springframework.aop.support.AopUtils.invokeJoinpointUsingReflection(AopUtils.java:302)
	at org.springframework.aop.framework.ReflectiveMethodInvocation.invokeJoinpoint(ReflectiveMethodInvocation.java:190)
	at org.springframework.aop.framework.ReflectiveMethodInvocation.proceed(ReflectiveMethodInvocation.java:157)
	at org.springframework.transaction.interceptor.TransactionInterceptor$1.proceedWithInvocation(TransactionInterceptor.java:99)
	at org.springframework.transaction.interceptor.TransactionAspectSupport.invokeWithinTransaction(TransactionAspectSupport.java:281)
	at org.springframework.transaction.interceptor.TransactionInterceptor.invoke(TransactionInterceptor.java:96)
	at org.springframework.aop.framework.ReflectiveMethodInvocation.proceed(ReflectiveMethodInvocation.java:179)
	at org.springframework.aop.framework.JdkDynamicAopProxy.invoke(JdkDynamicAopProxy.java:207)
	at com.sun.proxy.$Proxy108.executeInTransaction(Unknown Source)
	at uk.ac.ebi.interpro.scan.jms.worker.LocalJobQueueListener.onMessage(LocalJobQueueListener.java:192)
	at org.springframework.jms.listener.AbstractMessageListenerContainer.doInvokeListener(AbstractMessageListenerContainer.java:746)
	at org.springframework.jms.listener.AbstractMessageListenerContainer.invokeListener(AbstractMessageListenerContainer.java:684)
	at org.springframework.jms.listener.AbstractMessageListenerContainer.doExecuteListener(AbstractMessageListenerContainer.java:651)
	at org.springframework.jms.listener.AbstractPollingMessageListenerContainer.doReceiveAndExecute(AbstractPollingMessageListenerContainer.java:315)
	at org.springframework.jms.listener.AbstractPollingMessageListenerContainer.receiveAndExecute(AbstractPollingMessageListenerContainer.java:253)
	at org.springframework.jms.listener.DefaultMessageListenerContainer$AsyncMessageListenerInvoker.invokeListener(DefaultMessageListenerContainer.java:1150)
	at org.springframework.jms.listener.DefaultMessageListenerContainer$AsyncMessageListenerInvoker.executeOngoingLoop(DefaultMessageListenerContainer.java:1142)
	at org.springframework.jms.listener.DefaultMessageListenerContainer$AsyncMessageListenerInvoker.run(DefaultMessageListenerContainer.java:1039)
	at java.lang.Thread.run(Thread.java:745)
2018-03-30 11:28:36,920 [amqEmbeddedWorkerJmsContainer-32] [uk.ac.ebi.interpro.scan.jms.worker.LocalJobQueueListener:206] ERROR - StepExecution with errors - stepName: stepPrositeProfilesRunBinary
2018-03-30 11:28:37,108 [amqEmbeddedWorkerJmsContainer-29] [uk.ac.ebi.interpro.scan.management.model.implementations.RunBinaryStep:188] ERROR - Command line failed with exit code: 2
Command: bin/prosite/ps_scan.pl -d data/prosite/2017_09/prosite.dat -w bin/prosite/pfsearch -s -m -o gff -y data/prosite/2017_09/prosite_models /home/fogah/01.current.projects/01.lymatria.dispar/GenomeAnnotation.LDA/temp/manitou_20180330_102344908_4hyc//jobPrositeProfiles/000000013001_000000014000.fasta 
Error output from binary:
Cannot open /home/fogah/01.current.projects/01.lymatria.dispar/GenomeAnnotation.LDA/temp/manitou_20180330_102344908_4hyc//jobPrositeProfiles//manitou/tmpdir_000000013001_000000014000//ps425064-788.tmp: Aucun fichier ou dossier de ce type at bin/prosite/ps_scan.pl line 1962.

2018-03-30 11:28:37,109 [amqEmbeddedWorkerJmsContainer-29] [uk.ac.ebi.interpro.scan.jms.worker.LocalJobQueueListener:204] ERROR - Execution thrown when attempting to executeInTransaction the StepExecution.  All database activity rolled back.
java.lang.IllegalStateException: Command line failed with exit code: 2
Command: bin/prosite/ps_scan.pl -d data/prosite/2017_09/prosite.dat -w bin/prosite/pfsearch -s -m -o gff -y data/prosite/2017_09/prosite_models /home/fogah/01.current.projects/01.lymatria.dispar/GenomeAnnotation.LDA/temp/manitou_20180330_102344908_4hyc//jobPrositeProfiles/000000013001_000000014000.fasta 
Error output from binary:
Cannot open /home/fogah/01.current.projects/01.lymatria.dispar/GenomeAnnotation.LDA/temp/manitou_20180330_102344908_4hyc//jobPrositeProfiles//manitou/tmpdir_000000013001_000000014000//ps425064-788.tmp: Aucun fichier ou dossier de ce type at bin/prosite/ps_scan.pl line 1962.

	at uk.ac.ebi.interpro.scan.management.model.implementations.RunBinaryStep.execute(RunBinaryStep.java:190)
	at uk.ac.ebi.interpro.scan.jms.activemq.StepExecutionTransactionImpl.executeInTransaction(StepExecutionTransactionImpl.java:86)
	at sun.reflect.GeneratedMethodAccessor102.invoke(Unknown Source)
	at sun.reflect.DelegatingMethodAccessorImpl.invoke(DelegatingMethodAccessorImpl.java:43)
	at java.lang.reflect.Method.invoke(Method.java:498)
	at org.springframework.aop.support.AopUtils.invokeJoinpointUsingReflection(AopUtils.java:302)
	at org.springframework.aop.framework.ReflectiveMethodInvocation.invokeJoinpoint(ReflectiveMethodInvocation.java:190)
	at org.springframework.aop.framework.ReflectiveMethodInvocation.proceed(ReflectiveMethodInvocation.java:157)
	at org.springframework.transaction.interceptor.TransactionInterceptor$1.proceedWithInvocation(TransactionInterceptor.java:99)
	at org.springframework.transaction.interceptor.TransactionAspectSupport.invokeWithinTransaction(TransactionAspectSupport.java:281)
	at org.springframework.transaction.interceptor.TransactionInterceptor.invoke(TransactionInterceptor.java:96)
	at org.springframework.aop.framework.ReflectiveMethodInvocation.proceed(ReflectiveMethodInvocation.java:179)
	at org.springframework.aop.framework.JdkDynamicAopProxy.invoke(JdkDynamicAopProxy.java:207)
	at com.sun.proxy.$Proxy108.executeInTransaction(Unknown Source)
	at uk.ac.ebi.interpro.scan.jms.worker.LocalJobQueueListener.onMessage(LocalJobQueueListener.java:192)
	at org.springframework.jms.listener.AbstractMessageListenerContainer.doInvokeListener(AbstractMessageListenerContainer.java:746)
	at org.springframework.jms.listener.AbstractMessageListenerContainer.invokeListener(AbstractMessageListenerContainer.java:684)
	at org.springframework.jms.listener.AbstractMessageListenerContainer.doExecuteListener(AbstractMessageListenerContainer.java:651)
	at org.springframework.jms.listener.AbstractPollingMessageListenerContainer.doReceiveAndExecute(AbstractPollingMessageListenerContainer.java:315)
	at org.springframework.jms.listener.AbstractPollingMessageListenerContainer.receiveAndExecute(AbstractPollingMessageListenerContainer.java:253)
	at org.springframework.jms.listener.DefaultMessageListenerContainer$AsyncMessageListenerInvoker.invokeListener(DefaultMessageListenerContainer.java:1150)
	at org.springframework.jms.listener.DefaultMessageListenerContainer$AsyncMessageListenerInvoker.executeOngoingLoop(DefaultMessageListenerContainer.java:1142)
	at org.springframework.jms.listener.DefaultMessageListenerContainer$AsyncMessageListenerInvoker.run(DefaultMessageListenerContainer.java:1039)
	at java.lang.Thread.run(Thread.java:745)
2018-03-30 11:28:37,111 [amqEmbeddedWorkerJmsContainer-29] [uk.ac.ebi.interpro.scan.jms.worker.LocalJobQueueListener:206] ERROR - StepExecution with errors - stepName: stepPrositeProfilesRunBinary
2018-03-30 11:28:37,249 [amqEmbeddedWorkerJmsContainer-24] [uk.ac.ebi.interpro.scan.management.model.implementations.RunBinaryStep:188] ERROR - Command line failed with exit code: 2
Command: bin/prosite/ps_scan.pl -d data/prosite/2017_09/prosite.dat -w bin/prosite/pfsearch -s -m -o gff -y data/prosite/2017_09/prosite_models /home/fogah/01.current.projects/01.lymatria.dispar/GenomeAnnotation.LDA/temp/manitou_20180330_102344908_4hyc//jobPrositeProfiles/000000018001_000000019000.fasta 
Error output from binary:
Cannot open /home/fogah/01.current.projects/01.lymatria.dispar/GenomeAnnotation.LDA/temp/manitou_20180330_102344908_4hyc//jobPrositeProfiles//manitou/tmpdir_000000018001_000000019000//ps636447-1118.tmp: Aucun fichier ou dossier de ce type at bin/prosite/ps_scan.pl line 1962.

2018-03-30 11:28:37,251 [amqEmbeddedWorkerJmsContainer-24] [uk.ac.ebi.interpro.scan.jms.worker.LocalJobQueueListener:204] ERROR - Execution thrown when attempting to executeInTransaction the StepExecution.  All database activity rolled back.
java.lang.IllegalStateException: Command line failed with exit code: 2
Command: bin/prosite/ps_scan.pl -d data/prosite/2017_09/prosite.dat -w bin/prosite/pfsearch -s -m -o gff -y data/prosite/2017_09/prosite_models /home/fogah/01.current.projects/01.lymatria.dispar/GenomeAnnotation.LDA/temp/manitou_20180330_102344908_4hyc//jobPrositeProfiles/000000018001_000000019000.fasta 
Error output from binary:
Cannot open /home/fogah/01.current.projects/01.lymatria.dispar/GenomeAnnotation.LDA/temp/manitou_20180330_102344908_4hyc//jobPrositeProfiles//manitou/tmpdir_000000018001_000000019000//ps636447-1118.tmp: Aucun fichier ou dossier de ce type at bin/prosite/ps_scan.pl line 1962.

	at uk.ac.ebi.interpro.scan.management.model.implementations.RunBinaryStep.execute(RunBinaryStep.java:190)
	at uk.ac.ebi.interpro.scan.jms.activemq.StepExecutionTransactionImpl.executeInTransaction(StepExecutionTransactionImpl.java:86)
	at sun.reflect.GeneratedMethodAccessor102.invoke(Unknown Source)
	at sun.reflect.DelegatingMethodAccessorImpl.invoke(DelegatingMethodAccessorImpl.java:43)
	at java.lang.reflect.Method.invoke(Method.java:498)
	at org.springframework.aop.support.AopUtils.invokeJoinpointUsingReflection(AopUtils.java:302)
	at org.springframework.aop.framework.ReflectiveMethodInvocation.invokeJoinpoint(ReflectiveMethodInvocation.java:190)
	at org.springframework.aop.framework.ReflectiveMethodInvocation.proceed(ReflectiveMethodInvocation.java:157)
	at org.springframework.transaction.interceptor.TransactionInterceptor$1.proceedWithInvocation(TransactionInterceptor.java:99)
	at org.springframework.transaction.interceptor.TransactionAspectSupport.invokeWithinTransaction(TransactionAspectSupport.java:281)
	at org.springframework.transaction.interceptor.TransactionInterceptor.invoke(TransactionInterceptor.java:96)
	at org.springframework.aop.framework.ReflectiveMethodInvocation.proceed(ReflectiveMethodInvocation.java:179)
	at org.springframework.aop.framework.JdkDynamicAopProxy.invoke(JdkDynamicAopProxy.java:207)
	at com.sun.proxy.$Proxy108.executeInTransaction(Unknown Source)
	at uk.ac.ebi.interpro.scan.jms.worker.LocalJobQueueListener.onMessage(LocalJobQueueListener.java:192)
	at org.springframework.jms.listener.AbstractMessageListenerContainer.doInvokeListener(AbstractMessageListenerContainer.java:746)
	at org.springframework.jms.listener.AbstractMessageListenerContainer.invokeListener(AbstractMessageListenerContainer.java:684)
	at org.springframework.jms.listener.AbstractMessageListenerContainer.doExecuteListener(AbstractMessageListenerContainer.java:651)
	at org.springframework.jms.listener.AbstractPollingMessageListenerContainer.doReceiveAndExecute(AbstractPollingMessageListenerContainer.java:315)
	at org.springframework.jms.listener.AbstractPollingMessageListenerContainer.receiveAndExecute(AbstractPollingMessageListenerContainer.java:253)
	at org.springframework.jms.listener.DefaultMessageListenerContainer$AsyncMessageListenerInvoker.invokeListener(DefaultMessageListenerContainer.java:1150)
	at org.springframework.jms.listener.DefaultMessageListenerContainer$AsyncMessageListenerInvoker.executeOngoingLoop(DefaultMessageListenerContainer.java:1142)
	at org.springframework.jms.listener.DefaultMessageListenerContainer$AsyncMessageListenerInvoker.run(DefaultMessageListenerContainer.java:1039)
	at java.lang.Thread.run(Thread.java:745)
2018-03-30 11:28:37,251 [amqEmbeddedWorkerJmsContainer-24] [uk.ac.ebi.interpro.scan.jms.worker.LocalJobQueueListener:206] ERROR - StepExecution with errors - stepName: stepPrositeProfilesRunBinary
2018-03-30 11:28:37,295 [main] [uk.ac.ebi.interpro.scan.jms.master.AbstractMaster:249] WARN - Unable to delete temporary directory /home/fogah/01.current.projects/01.lymatria.dispar/GenomeAnnotation.LDA/temp/manitou_20180330_102344908_4hyc
InterProScan analysis failed. Exception thrown by StandaloneBlackBoxMaster. Check the log file for details
