Splitting training file into 8 buckets...
Reading in the meta parameters used for optimization from /home/fogah/prg/augustus-3.2.3/config/species/generic/generic_metapars.cfg...
Reading in the starting meta parameters from /home/fogah/prg/augustus-3.2.3/config/species/lda/lda_parameters.cfg...
bucket 1 2 3 4 5 6 7 8 
starting accuracy: 0.8509, 0.5366, 0.6178, 0.5182, 0.1172, 0.0600, -1.00, -1.00, starting target: 0.5556
improving parameter /Constant/dss_end curently set to 4
1-4
/Constant/dss_end: checking values 1	2	3	4
bucket 1 2 3 4 5 6 7 8 
bucket 1 2 3 4 5 6 7 8 
bucket 1 2 3 4 5 6 7 8 
retrieve accuracy from previous computation
values  1	2	3	4
targets 0.5238	0.5373	0.5541	0.5556
improving parameter /Constant/dss_start curently set to 3
1-3
/Constant/dss_start: checking values 1	2	3
bucket 1 2 3 4 5 6 7 8 
bucket 1 2 3 4 5 6 7 8 
found improvement: 0.8532, 0.5325, 0.6255, 0.5161, 0.1267, 0.0659, -1.00, -1.00, optimal target: 0.5580
changing /Constant/dss_start to 2
/Constant/dss_end	4
/Constant/dss_start	2
/Constant/ass_start	3
/Constant/ass_end	2
/Constant/ass_upwindow_size	30
/IntronModel/d	100
/IntronModel/ass_motif_memory	3
/IntronModel/ass_motif_radius	3
/ExonModel/tis_motif_memory	3
/ExonModel/tis_motif_radius	2
/Constant/trans_init_window	20
/Constant/init_coding_len	15
/ExonModel/patpseudocount	5.0
/ExonModel/etpseudocount	3
/ExonModel/etorder	2
/Constant/intterm_coding_len	5
/ExonModel/slope_of_bandwidth	0.3
/ExonModel/minwindowcount	10
/IGenicModel/patpseudocount	5.0
/IntronModel/patpseudocount	5.0
/IntronModel/slope_of_bandwidth	0.4
/IntronModel/minwindowcount	4
/IntronModel/asspseudocount	0.00266
/IntronModel/dsspseudocount	0.0005
/IntronModel/dssneighborfactor	0.00173
/ExonModel/minPatSum	233.3
/Constant/probNinCoding	0.23
/Constant/decomp_num_steps	1
Writing new parameters to /home/fogah/prg/augustus-3.2.3/config/species/lda/lda_parameters.cfg...
retrieve accuracy from previous computation
values  1	2	3
targets 0.5490	0.5580	0.5556
/Constant/dss_start: checking values 2
retrieve accuracy from previous computation
values  2
targets 0.5580
improving parameter /Constant/ass_start curently set to 3
1-3
/Constant/ass_start: checking values 1	2	3
bucket 1 2 3 4 5 6 7 8 
found improvement: 0.8606, 0.5272, 0.6386, 0.5136, 0.1459, 0.0751, -1.00, -1.00, optimal target: 0.5633
changing /Constant/ass_start to 1
/Constant/dss_end	4
/Constant/dss_start	2
/Constant/ass_start	1
/Constant/ass_end	2
/Constant/ass_upwindow_size	30
/IntronModel/d	100
/IntronModel/ass_motif_memory	3
/IntronModel/ass_motif_radius	3
/ExonModel/tis_motif_memory	3
/ExonModel/tis_motif_radius	2
/Constant/trans_init_window	20
/Constant/init_coding_len	15
/ExonModel/patpseudocount	5.0
/ExonModel/etpseudocount	3
/ExonModel/etorder	2
/Constant/intterm_coding_len	5
/ExonModel/slope_of_bandwidth	0.3
/ExonModel/minwindowcount	10
/IGenicModel/patpseudocount	5.0
/IntronModel/patpseudocount	5.0
/IntronModel/slope_of_bandwidth	0.4
/IntronModel/minwindowcount	4
/IntronModel/asspseudocount	0.00266
/IntronModel/dsspseudocount	0.0005
/IntronModel/dssneighborfactor	0.00173
/ExonModel/minPatSum	233.3
/Constant/probNinCoding	0.23
/Constant/decomp_num_steps	1
Writing new parameters to /home/fogah/prg/augustus-3.2.3/config/species/lda/lda_parameters.cfg...
bucket 1 2 3 4 5 6 7 8 
retrieve accuracy from previous computation
values  1	2	3
targets 0.5633	0.5617	0.5580
improving parameter /Constant/ass_end curently set to 2
0-4
/Constant/ass_end: checking values 0	1	2	3	4
bucket 1 2 3 4 5 6 7 8 
bucket 1 2 3 4 5 6 7 8 
retrieve accuracy from previous computation
bucket 1 2 3 4 5 6 7 8 
bucket 1 2 3 4 5 6 7 8 
values  0	1	2	3	4
targets 0.5589	0.5631	0.5633	0.5628	0.5576
improving parameter /Constant/ass_upwindow_size curently set to 30
1-50
/Constant/ass_upwindow_size: checking values 1	13	25	37	50
bucket 1 2 3 4 5 6 7 8 
bucket 1 2 3 4 5 6 7 8 
bucket 1 2 3 4 5 6 7 8 
found improvement: 0.8618, 0.5275, 0.6379, 0.5111, 0.1552, 0.0808, -1.00, -1.00, optimal target: 0.5644
changing /Constant/ass_upwindow_size to 25
/Constant/dss_end	4
/Constant/dss_start	2
/Constant/ass_start	1
/Constant/ass_end	2
/Constant/ass_upwindow_size	25
/IntronModel/d	100
/IntronModel/ass_motif_memory	3
/IntronModel/ass_motif_radius	3
/ExonModel/tis_motif_memory	3
/ExonModel/tis_motif_radius	2
/Constant/trans_init_window	20
/Constant/init_coding_len	15
/ExonModel/patpseudocount	5.0
/ExonModel/etpseudocount	3
/ExonModel/etorder	2
/Constant/intterm_coding_len	5
/ExonModel/slope_of_bandwidth	0.3
/ExonModel/minwindowcount	10
/IGenicModel/patpseudocount	5.0
/IntronModel/patpseudocount	5.0
/IntronModel/slope_of_bandwidth	0.4
/IntronModel/minwindowcount	4
/IntronModel/asspseudocount	0.00266
/IntronModel/dsspseudocount	0.0005
/IntronModel/dssneighborfactor	0.00173
/ExonModel/minPatSum	233.3
/Constant/probNinCoding	0.23
/Constant/decomp_num_steps	1
Writing new parameters to /home/fogah/prg/augustus-3.2.3/config/species/lda/lda_parameters.cfg...
bucket 1 2 3 4 5 6 7 8 
bucket 1 2 3 4 5 6 7 8 
values  1	13	25	37	50
targets 0.5081	0.5536	0.5644	0.5640	0.5620
/Constant/ass_upwindow_size: checking values 13	19	25	31	37
retrieve accuracy from previous computation
bucket 1 2 3 4 5 6 7 8 
retrieve accuracy from previous computation
bucket 1 2 3 4 5 6 7 8 
retrieve accuracy from previous computation
values  13	19	25	31	37
targets 0.5536	0.5596	0.5644	0.5631	0.5640
improving parameter /IntronModel/d curently set to 100
100-950
/IntronModel/d: checking values 100	312	525	737	950
retrieve accuracy from previous computation
bucket 1 2 3 4 5 6 7 8 
found improvement: 0.8653, 0.5256, 0.6428, 0.5114, 0.1520, 0.0800, -1.00, -1.00, optimal target: 0.5652
changing /IntronModel/d to 312
/Constant/dss_end	4
/Constant/dss_start	2
/Constant/ass_start	1
/Constant/ass_end	2
/Constant/ass_upwindow_size	25
/IntronModel/d	312
/IntronModel/ass_motif_memory	3
/IntronModel/ass_motif_radius	3
/ExonModel/tis_motif_memory	3
/ExonModel/tis_motif_radius	2
/Constant/trans_init_window	20
/Constant/init_coding_len	15
/ExonModel/patpseudocount	5.0
/ExonModel/etpseudocount	3
/ExonModel/etorder	2
/Constant/intterm_coding_len	5
/ExonModel/slope_of_bandwidth	0.3
/ExonModel/minwindowcount	10
/IGenicModel/patpseudocount	5.0
/IntronModel/patpseudocount	5.0
/IntronModel/slope_of_bandwidth	0.4
/IntronModel/minwindowcount	4
/IntronModel/asspseudocount	0.00266
/IntronModel/dsspseudocount	0.0005
/IntronModel/dssneighborfactor	0.00173
/ExonModel/minPatSum	233.3
/Constant/probNinCoding	0.23
/Constant/decomp_num_steps	1
Writing new parameters to /home/fogah/prg/augustus-3.2.3/config/species/lda/lda_parameters.cfg...
bucket 1 2 3 4 5 6 7 8 
found improvement: 0.8630, 0.5280, 0.6421, 0.5176, 0.1551, 0.0820, -1.00, -1.00, optimal target: 0.5669
changing /IntronModel/d to 525
/Constant/dss_end	4
/Constant/dss_start	2
/Constant/ass_start	1
/Constant/ass_end	2
/Constant/ass_upwindow_size	25
/IntronModel/d	525
/IntronModel/ass_motif_memory	3
/IntronModel/ass_motif_radius	3
/ExonModel/tis_motif_memory	3
/ExonModel/tis_motif_radius	2
/Constant/trans_init_window	20
/Constant/init_coding_len	15
/ExonModel/patpseudocount	5.0
/ExonModel/etpseudocount	3
/ExonModel/etorder	2
/Constant/intterm_coding_len	5
/ExonModel/slope_of_bandwidth	0.3
/ExonModel/minwindowcount	10
/IGenicModel/patpseudocount	5.0
/IntronModel/patpseudocount	5.0
/IntronModel/slope_of_bandwidth	0.4
/IntronModel/minwindowcount	4
/IntronModel/asspseudocount	0.00266
/IntronModel/dsspseudocount	0.0005
/IntronModel/dssneighborfactor	0.00173
/ExonModel/minPatSum	233.3
/Constant/probNinCoding	0.23
/Constant/decomp_num_steps	1
Writing new parameters to /home/fogah/prg/augustus-3.2.3/config/species/lda/lda_parameters.cfg...
bucket 1 2 3 4 5 6 7 8 
found improvement: 0.8620, 0.5286, 0.6420, 0.5191, 0.1614, 0.0860, -1.00, -1.00, optimal target: 0.5681
changing /IntronModel/d to 737
/Constant/dss_end	4
/Constant/dss_start	2
/Constant/ass_start	1
/Constant/ass_end	2
/Constant/ass_upwindow_size	25
/IntronModel/d	737
/IntronModel/ass_motif_memory	3
/IntronModel/ass_motif_radius	3
/ExonModel/tis_motif_memory	3
/ExonModel/tis_motif_radius	2
/Constant/trans_init_window	20
/Constant/init_coding_len	15
/ExonModel/patpseudocount	5.0
/ExonModel/etpseudocount	3
/ExonModel/etorder	2
/Constant/intterm_coding_len	5
/ExonModel/slope_of_bandwidth	0.3
/ExonModel/minwindowcount	10
/IGenicModel/patpseudocount	5.0
/IntronModel/patpseudocount	5.0
/IntronModel/slope_of_bandwidth	0.4
/IntronModel/minwindowcount	4
/IntronModel/asspseudocount	0.00266
/IntronModel/dsspseudocount	0.0005
/IntronModel/dssneighborfactor	0.00173
/ExonModel/minPatSum	233.3
/Constant/probNinCoding	0.23
/Constant/decomp_num_steps	1
Writing new parameters to /home/fogah/prg/augustus-3.2.3/config/species/lda/lda_parameters.cfg...
bucket 1 2 3 4 5 6 7 8 
values  100	312	525	737	950
targets 0.5644	0.5652	0.5669	0.5681	0.5675
/IntronModel/d: checking values 525	631	737	843	949
retrieve accuracy from previous computation
bucket 1 2 3 4 5 6 7 8 
retrieve accuracy from previous computation
bucket 1 2 3 4 5 6 7 8 
bucket 1 2 3 4 5 6 7 8 
values  525	631	737	843	949
targets 0.5669	0.5666	0.5681	0.5674	0.5675
improving parameter /IntronModel/ass_motif_memory curently set to 3
0-3
/IntronModel/ass_motif_memory: checking values 0	1	2	3
bucket 1 2 3 4 5 6 7 8 
bucket 1 2 3 4 5 6 7 8 
found improvement: 0.8603, 0.5326, 0.6425, 0.5254, 0.1679, 0.0888, -1.00, -1.00, optimal target: 0.5707
changing /IntronModel/ass_motif_memory to 1
/Constant/dss_end	4
/Constant/dss_start	2
/Constant/ass_start	1
/Constant/ass_end	2
/Constant/ass_upwindow_size	25
/IntronModel/d	737
/IntronModel/ass_motif_memory	1
/IntronModel/ass_motif_radius	3
/ExonModel/tis_motif_memory	3
/ExonModel/tis_motif_radius	2
/Constant/trans_init_window	20
/Constant/init_coding_len	15
/ExonModel/patpseudocount	5.0
/ExonModel/etpseudocount	3
/ExonModel/etorder	2
/Constant/intterm_coding_len	5
/ExonModel/slope_of_bandwidth	0.3
/ExonModel/minwindowcount	10
/IGenicModel/patpseudocount	5.0
/IntronModel/patpseudocount	5.0
/IntronModel/slope_of_bandwidth	0.4
/IntronModel/minwindowcount	4
/IntronModel/asspseudocount	0.00266
/IntronModel/dsspseudocount	0.0005
/IntronModel/dssneighborfactor	0.00173
/ExonModel/minPatSum	233.3
/Constant/probNinCoding	0.23
/Constant/decomp_num_steps	1
Writing new parameters to /home/fogah/prg/augustus-3.2.3/config/species/lda/lda_parameters.cfg...
bucket 1 2 3 4 5 6 7 8 
retrieve accuracy from previous computation
values  0	1	2	3
targets 0.5676	0.5707	0.5668	0.5681
/IntronModel/ass_motif_memory: checking values 1
retrieve accuracy from previous computation
values  1
targets 0.5707
improving parameter /IntronModel/ass_motif_radius curently set to 3
0-4
/IntronModel/ass_motif_radius: checking values 0	1	2	3	4
bucket 1 2 3 4 5 6 7 8 
found improvement: 0.8691, 0.5367, 0.6567, 0.5359, 0.1584, 0.0824, -1.00, -1.00, optimal target: 0.5760
changing /IntronModel/ass_motif_radius to 0
/Constant/dss_end	4
/Constant/dss_start	2
/Constant/ass_start	1
/Constant/ass_end	2
/Constant/ass_upwindow_size	25
/IntronModel/d	737
/IntronModel/ass_motif_memory	1
/IntronModel/ass_motif_radius	0
/ExonModel/tis_motif_memory	3
/ExonModel/tis_motif_radius	2
/Constant/trans_init_window	20
/Constant/init_coding_len	15
/ExonModel/patpseudocount	5.0
/ExonModel/etpseudocount	3
/ExonModel/etorder	2
/Constant/intterm_coding_len	5
/ExonModel/slope_of_bandwidth	0.3
/ExonModel/minwindowcount	10
/IGenicModel/patpseudocount	5.0
/IntronModel/patpseudocount	5.0
/IntronModel/slope_of_bandwidth	0.4
/IntronModel/minwindowcount	4
/IntronModel/asspseudocount	0.00266
/IntronModel/dsspseudocount	0.0005
/IntronModel/dssneighborfactor	0.00173
/ExonModel/minPatSum	233.3
/Constant/probNinCoding	0.23
/Constant/decomp_num_steps	1
Writing new parameters to /home/fogah/prg/augustus-3.2.3/config/species/lda/lda_parameters.cfg...
bucket 1 2 3 4 5 6 7 8 
bucket 1 2 3 4 5 6 7 8 
retrieve accuracy from previous computation
bucket 1 2 3 4 5 6 7 8 
values  0	1	2	3	4
targets 0.5760	0.5722	0.5716	0.5707	0.5693
/IntronModel/ass_motif_radius: checking values 1
retrieve accuracy from previous computation
values  1
targets 0.5722
improving parameter /ExonModel/tis_motif_memory curently set to 3
0-3
/ExonModel/tis_motif_memory: checking values 0	1	2	3
bucket 1 2 3 4 5 6 7 8 
found improvement: 0.8714, 0.5356, 0.6639, 0.5400, 0.1711, 0.0910, -1.00, -1.00, optimal target: 0.5806
changing /ExonModel/tis_motif_memory to 0
/Constant/dss_end	4
/Constant/dss_start	2
/Constant/ass_start	1
/Constant/ass_end	2
/Constant/ass_upwindow_size	25
/IntronModel/d	737
/IntronModel/ass_motif_memory	1
/IntronModel/ass_motif_radius	0
/ExonModel/tis_motif_memory	0
/ExonModel/tis_motif_radius	2
/Constant/trans_init_window	20
/Constant/init_coding_len	15
/ExonModel/patpseudocount	5.0
/ExonModel/etpseudocount	3
/ExonModel/etorder	2
/Constant/intterm_coding_len	5
/ExonModel/slope_of_bandwidth	0.3
/ExonModel/minwindowcount	10
/IGenicModel/patpseudocount	5.0
/IntronModel/patpseudocount	5.0
/IntronModel/slope_of_bandwidth	0.4
/IntronModel/minwindowcount	4
/IntronModel/asspseudocount	0.00266
/IntronModel/dsspseudocount	0.0005
/IntronModel/dssneighborfactor	0.00173
/ExonModel/minPatSum	233.3
/Constant/probNinCoding	0.23
/Constant/decomp_num_steps	1
Writing new parameters to /home/fogah/prg/augustus-3.2.3/config/species/lda/lda_parameters.cfg...
bucket 1 2 3 4 5 6 7 8 
bucket 1 2 3 4 5 6 7 8 
retrieve accuracy from previous computation
values  0	1	2	3
targets 0.5806	0.5795	0.5795	0.5760
improving parameter /ExonModel/tis_motif_radius curently set to 2
0-3
/ExonModel/tis_motif_radius: checking values 0	1	2	3
bucket 1 2 3 4 5 6 7 8 
found improvement: 0.8671, 0.5377, 0.6619, 0.5444, 0.1806, 0.0974, -1.00, -1.00, optimal target: 0.5823
changing /ExonModel/tis_motif_radius to 0
/Constant/dss_end	4
/Constant/dss_start	2
/Constant/ass_start	1
/Constant/ass_end	2
/Constant/ass_upwindow_size	25
/IntronModel/d	737
/IntronModel/ass_motif_memory	1
/IntronModel/ass_motif_radius	0
/ExonModel/tis_motif_memory	0
/ExonModel/tis_motif_radius	0
/Constant/trans_init_window	20
/Constant/init_coding_len	15
/ExonModel/patpseudocount	5.0
/ExonModel/etpseudocount	3
/ExonModel/etorder	2
/Constant/intterm_coding_len	5
/ExonModel/slope_of_bandwidth	0.3
/ExonModel/minwindowcount	10
/IGenicModel/patpseudocount	5.0
/IntronModel/patpseudocount	5.0
/IntronModel/slope_of_bandwidth	0.4
/IntronModel/minwindowcount	4
/IntronModel/asspseudocount	0.00266
/IntronModel/dsspseudocount	0.0005
/IntronModel/dssneighborfactor	0.00173
/ExonModel/minPatSum	233.3
/Constant/probNinCoding	0.23
/Constant/decomp_num_steps	1
Writing new parameters to /home/fogah/prg/augustus-3.2.3/config/species/lda/lda_parameters.cfg...
bucket 1 2 3 4 5 6 7 8 
retrieve accuracy from previous computation
bucket 1 2 3 4 5 6 7 8 
values  0	1	2	3
targets 0.5823	0.5817	0.5806	0.5779
improving parameter /Constant/trans_init_window curently set to 20
0-25
/Constant/trans_init_window: checking values 0	6	12	18	25
bucket 1 2 3 4 5 6 7 8 
bucket 1 2 3 4 5 6 7 8 
found improvement: 0.8688, 0.5348, 0.6665, 0.5434, 0.1900, 0.0997, -1.00, -1.00, optimal target: 0.5841
changing /Constant/trans_init_window to 6
/Constant/dss_end	4
/Constant/dss_start	2
/Constant/ass_start	1
/Constant/ass_end	2
/Constant/ass_upwindow_size	25
/IntronModel/d	737
/IntronModel/ass_motif_memory	1
/IntronModel/ass_motif_radius	0
/ExonModel/tis_motif_memory	0
/ExonModel/tis_motif_radius	0
/Constant/trans_init_window	6
/Constant/init_coding_len	15
/ExonModel/patpseudocount	5.0
/ExonModel/etpseudocount	3
/ExonModel/etorder	2
/Constant/intterm_coding_len	5
/ExonModel/slope_of_bandwidth	0.3
/ExonModel/minwindowcount	10
/IGenicModel/patpseudocount	5.0
/IntronModel/patpseudocount	5.0
/IntronModel/slope_of_bandwidth	0.4
/IntronModel/minwindowcount	4
/IntronModel/asspseudocount	0.00266
/IntronModel/dsspseudocount	0.0005
/IntronModel/dssneighborfactor	0.00173
/ExonModel/minPatSum	233.3
/Constant/probNinCoding	0.23
/Constant/decomp_num_steps	1
Writing new parameters to /home/fogah/prg/augustus-3.2.3/config/species/lda/lda_parameters.cfg...
bucket 1 2 3 4 5 6 7 8 
found improvement: 0.8711, 0.5359, 0.6677, 0.5433, 0.1869, 0.0974, -1.00, -1.00, optimal target: 0.5842
changing /Constant/trans_init_window to 12
/Constant/dss_end	4
/Constant/dss_start	2
/Constant/ass_start	1
/Constant/ass_end	2
/Constant/ass_upwindow_size	25
/IntronModel/d	737
/IntronModel/ass_motif_memory	1
/IntronModel/ass_motif_radius	0
/ExonModel/tis_motif_memory	0
/ExonModel/tis_motif_radius	0
/Constant/trans_init_window	12
/Constant/init_coding_len	15
/ExonModel/patpseudocount	5.0
/ExonModel/etpseudocount	3
/ExonModel/etorder	2
/Constant/intterm_coding_len	5
/ExonModel/slope_of_bandwidth	0.3
/ExonModel/minwindowcount	10
/IGenicModel/patpseudocount	5.0
/IntronModel/patpseudocount	5.0
/IntronModel/slope_of_bandwidth	0.4
/IntronModel/minwindowcount	4
/IntronModel/asspseudocount	0.00266
/IntronModel/dsspseudocount	0.0005
/IntronModel/dssneighborfactor	0.00173
/ExonModel/minPatSum	233.3
/Constant/probNinCoding	0.23
/Constant/decomp_num_steps	1
Writing new parameters to /home/fogah/prg/augustus-3.2.3/config/species/lda/lda_parameters.cfg...
bucket 1 2 3 4 5 6 7 8 
bucket 1 2 3 4 5 6 7 8 
found improvement: 0.8681, 0.5387, 0.6660, 0.5470, 0.1869, 0.1019, -1.00, -1.00, optimal target: 0.5851
changing /Constant/trans_init_window to 25
/Constant/dss_end	4
/Constant/dss_start	2
/Constant/ass_start	1
/Constant/ass_end	2
/Constant/ass_upwindow_size	25
/IntronModel/d	737
/IntronModel/ass_motif_memory	1
/IntronModel/ass_motif_radius	0
/ExonModel/tis_motif_memory	0
/ExonModel/tis_motif_radius	0
/Constant/trans_init_window	25
/Constant/init_coding_len	15
/ExonModel/patpseudocount	5.0
/ExonModel/etpseudocount	3
/ExonModel/etorder	2
/Constant/intterm_coding_len	5
/ExonModel/slope_of_bandwidth	0.3
/ExonModel/minwindowcount	10
/IGenicModel/patpseudocount	5.0
/IntronModel/patpseudocount	5.0
/IntronModel/slope_of_bandwidth	0.4
/IntronModel/minwindowcount	4
/IntronModel/asspseudocount	0.00266
/IntronModel/dsspseudocount	0.0005
/IntronModel/dssneighborfactor	0.00173
/ExonModel/minPatSum	233.3
/Constant/probNinCoding	0.23
/Constant/decomp_num_steps	1
Writing new parameters to /home/fogah/prg/augustus-3.2.3/config/species/lda/lda_parameters.cfg...
values  0	6	12	18	25
targets 0.5743	0.5841	0.5842	0.5803	0.5851
/Constant/trans_init_window: checking values 19	20	22	23	25
bucket 1 2 3 4 5 6 7 8 
retrieve accuracy from previous computation
bucket 1 2 3 4 5 6 7 8 
bucket 1 2 3 4 5 6 7 8 
retrieve accuracy from previous computation
values  19	20	22	23	25
targets 0.5819	0.5823	0.5833	0.5830	0.5851
improving parameter /Constant/init_coding_len curently set to 15
0-18
/Constant/init_coding_len: checking values 0	4	9	13	18
bucket 1 2 3 4 5 6 7 8 
bucket 1 2 3 4 5 6 7 8 
bucket 1 2 3 4 5 6 7 8 
bucket 1 2 3 4 5 6 7 8 
found improvement: 0.8679, 0.5375, 0.6679, 0.5481, 0.1900, 0.1040, -1.00, -1.00, optimal target: 0.5860
changing /Constant/init_coding_len to 13
/Constant/dss_end	4
/Constant/dss_start	2
/Constant/ass_start	1
/Constant/ass_end	2
/Constant/ass_upwindow_size	25
/IntronModel/d	737
/IntronModel/ass_motif_memory	1
/IntronModel/ass_motif_radius	0
/ExonModel/tis_motif_memory	0
/ExonModel/tis_motif_radius	0
/Constant/trans_init_window	25
/Constant/init_coding_len	13
/ExonModel/patpseudocount	5.0
/ExonModel/etpseudocount	3
/ExonModel/etorder	2
/Constant/intterm_coding_len	5
/ExonModel/slope_of_bandwidth	0.3
/ExonModel/minwindowcount	10
/IGenicModel/patpseudocount	5.0
/IntronModel/patpseudocount	5.0
/IntronModel/slope_of_bandwidth	0.4
/IntronModel/minwindowcount	4
/IntronModel/asspseudocount	0.00266
/IntronModel/dsspseudocount	0.0005
/IntronModel/dssneighborfactor	0.00173
/ExonModel/minPatSum	233.3
/Constant/probNinCoding	0.23
/Constant/decomp_num_steps	1
Writing new parameters to /home/fogah/prg/augustus-3.2.3/config/species/lda/lda_parameters.cfg...
bucket 1 2 3 4 5 6 7 8 
values  0	4	9	13	18
targets 0.5831	0.5807	0.5839	0.5860	0.5855
/Constant/init_coding_len: checking values 9	11	13	15	17
retrieve accuracy from previous computation
bucket 1 2 3 4 5 6 7 8 
retrieve accuracy from previous computation
retrieve accuracy from previous computation
bucket 1 2 3 4 5 6 7 8 
values  9	11	13	15	17
targets 0.5839	0.5848	0.5860	0.5851	0.5855
improving parameter /ExonModel/patpseudocount curently set to 5.0
0.5-5
/ExonModel/patpseudocount: checking values 0.5	1.625	2.75	3.875	5
bucket 1 2 3 4 5 6 7 8 
found improvement: 0.8673, 0.5462, 0.6657, 0.5549, 0.1964, 0.1090, -1.00, -1.00, optimal target: 0.5892
changing /ExonModel/patpseudocount to 0.5
/Constant/dss_end	4
/Constant/dss_start	2
/Constant/ass_start	1
/Constant/ass_end	2
/Constant/ass_upwindow_size	25
/IntronModel/d	737
/IntronModel/ass_motif_memory	1
/IntronModel/ass_motif_radius	0
/ExonModel/tis_motif_memory	0
/ExonModel/tis_motif_radius	0
/Constant/trans_init_window	25
/Constant/init_coding_len	13
/ExonModel/patpseudocount	0.5
/ExonModel/etpseudocount	3
/ExonModel/etorder	2
/Constant/intterm_coding_len	5
/ExonModel/slope_of_bandwidth	0.3
/ExonModel/minwindowcount	10
/IGenicModel/patpseudocount	5.0
/IntronModel/patpseudocount	5.0
/IntronModel/slope_of_bandwidth	0.4
/IntronModel/minwindowcount	4
/IntronModel/asspseudocount	0.00266
/IntronModel/dsspseudocount	0.0005
/IntronModel/dssneighborfactor	0.00173
/ExonModel/minPatSum	233.3
/Constant/probNinCoding	0.23
/Constant/decomp_num_steps	1
Writing new parameters to /home/fogah/prg/augustus-3.2.3/config/species/lda/lda_parameters.cfg...
bucket 1 2 3 4 5 6 7 8 
bucket 1 2 3 4 5 6 7 8 
found improvement: 0.8699, 0.5401, 0.6719, 0.5510, 0.2059, 0.1125, -1.00, -1.00, optimal target: 0.5905
changing /ExonModel/patpseudocount to 2.75
/Constant/dss_end	4
/Constant/dss_start	2
/Constant/ass_start	1
/Constant/ass_end	2
/Constant/ass_upwindow_size	25
/IntronModel/d	737
/IntronModel/ass_motif_memory	1
/IntronModel/ass_motif_radius	0
/ExonModel/tis_motif_memory	0
/ExonModel/tis_motif_radius	0
/Constant/trans_init_window	25
/Constant/init_coding_len	13
/ExonModel/patpseudocount	2.75
/ExonModel/etpseudocount	3
/ExonModel/etorder	2
/Constant/intterm_coding_len	5
/ExonModel/slope_of_bandwidth	0.3
/ExonModel/minwindowcount	10
/IGenicModel/patpseudocount	5.0
/IntronModel/patpseudocount	5.0
/IntronModel/slope_of_bandwidth	0.4
/IntronModel/minwindowcount	4
/IntronModel/asspseudocount	0.00266
/IntronModel/dsspseudocount	0.0005
/IntronModel/dssneighborfactor	0.00173
/ExonModel/minPatSum	233.3
/Constant/probNinCoding	0.23
/Constant/decomp_num_steps	1
Writing new parameters to /home/fogah/prg/augustus-3.2.3/config/species/lda/lda_parameters.cfg...
bucket 1 2 3 4 5 6 7 8 
bucket 1 2 3 4 5 6 7 8 
values  0.5	1.625	2.75	3.875	5
targets 0.5892	0.5890	0.5905	0.5889	0.5860
/ExonModel/patpseudocount: checking values 1.625	2.1875	2.75	3.3125	3.875
retrieve accuracy from previous computation
bucket 1 2 3 4 5 6 7 8 
retrieve accuracy from previous computation
bucket 1 2 3 4 5 6 7 8 
retrieve accuracy from previous computation
values  1.625	2.1875	2.75	3.3125	3.875
targets 0.5890	0.5889	0.5905	0.5898	0.5889
improving parameter /ExonModel/etpseudocount curently set to 3
0-10
/ExonModel/etpseudocount: checking values 0	2	5	7	10
bucket 1 2 3 4 5 6 7 8 
bucket 1 2 3 4 5 6 7 8 
bucket 1 2 3 4 5 6 7 8 
bucket 1 2 3 4 5 6 7 8 
bucket 1 2 3 4 5 6 7 8 
values  0	2	5	7	10
targets 0.5905	0.5905	0.5905	0.5905	0.5905
improving parameter /ExonModel/etorder curently set to 2
0-3
/ExonModel/etorder: checking values 0	1	2	3
bucket 1 2 3 4 5 6 7 8 
bucket 1 2 3 4 5 6 7 8 
retrieve accuracy from previous computation
bucket 1 2 3 4 5 6 7 8 
values  0	1	2	3
targets 0.5905	0.5905	0.5905	0.5905
improving parameter /Constant/intterm_coding_len curently set to 5
0-13
/Constant/intterm_coding_len: checking values 0	3	6	9	13
bucket 1 2 3 4 5 6 7 8 
found improvement: 0.8703, 0.5410, 0.6743, 0.5540, 0.1995, 0.1104, -1.00, -1.00, optimal target: 0.5909
changing /Constant/intterm_coding_len to 0
/Constant/dss_end	4
/Constant/dss_start	2
/Constant/ass_start	1
/Constant/ass_end	2
/Constant/ass_upwindow_size	25
/IntronModel/d	737
/IntronModel/ass_motif_memory	1
/IntronModel/ass_motif_radius	0
/ExonModel/tis_motif_memory	0
/ExonModel/tis_motif_radius	0
/Constant/trans_init_window	25
/Constant/init_coding_len	13
/ExonModel/patpseudocount	2.75
/ExonModel/etpseudocount	3
/ExonModel/etorder	2
/Constant/intterm_coding_len	0
/ExonModel/slope_of_bandwidth	0.3
/ExonModel/minwindowcount	10
/IGenicModel/patpseudocount	5.0
/IntronModel/patpseudocount	5.0
/IntronModel/slope_of_bandwidth	0.4
/IntronModel/minwindowcount	4
/IntronModel/asspseudocount	0.00266
/IntronModel/dsspseudocount	0.0005
/IntronModel/dssneighborfactor	0.00173
/ExonModel/minPatSum	233.3
/Constant/probNinCoding	0.23
/Constant/decomp_num_steps	1
Writing new parameters to /home/fogah/prg/augustus-3.2.3/config/species/lda/lda_parameters.cfg...
bucket 1 2 3 4 5 6 7 8 
bucket 1 2 3 4 5 6 7 8 
bucket 1 2 3 4 5 6 7 8 
bucket 1 2 3 4 5 6 7 8 
values  0	3	6	9	13
targets 0.5909	0.5908	0.5907	0.5888	0.5909
/Constant/intterm_coding_len: checking values 1	2	3
bucket 1 2 3 4 5 6 7 8 
found improvement: 0.8726, 0.5419, 0.6723, 0.5517, 0.2026, 0.1119, -1.00, -1.00, optimal target: 0.5910
changing /Constant/intterm_coding_len to 1
/Constant/dss_end	4
/Constant/dss_start	2
/Constant/ass_start	1
/Constant/ass_end	2
/Constant/ass_upwindow_size	25
/IntronModel/d	737
/IntronModel/ass_motif_memory	1
/IntronModel/ass_motif_radius	0
/ExonModel/tis_motif_memory	0
/ExonModel/tis_motif_radius	0
/Constant/trans_init_window	25
/Constant/init_coding_len	13
/ExonModel/patpseudocount	2.75
/ExonModel/etpseudocount	3
/ExonModel/etorder	2
/Constant/intterm_coding_len	1
/ExonModel/slope_of_bandwidth	0.3
/ExonModel/minwindowcount	10
/IGenicModel/patpseudocount	5.0
/IntronModel/patpseudocount	5.0
/IntronModel/slope_of_bandwidth	0.4
/IntronModel/minwindowcount	4
/IntronModel/asspseudocount	0.00266
/IntronModel/dsspseudocount	0.0005
/IntronModel/dssneighborfactor	0.00173
/ExonModel/minPatSum	233.3
/Constant/probNinCoding	0.23
/Constant/decomp_num_steps	1
Writing new parameters to /home/fogah/prg/augustus-3.2.3/config/species/lda/lda_parameters.cfg...
bucket 1 2 3 4 5 6 7 8 
retrieve accuracy from previous computation
values  1	2	3
targets 0.5910	0.5905	0.5908
improving parameter /ExonModel/slope_of_bandwidth curently set to 0.3
0.05-0.6
/ExonModel/slope_of_bandwidth: checking values 0.05	0.1875	0.325	0.4625	0.6
bucket 1 2 3 4 5 6 7 8 
found improvement: 0.8730, 0.5417, 0.6730, 0.5523, 0.2057, 0.1141, -1.00, -1.00, optimal target: 0.5918
changing /ExonModel/slope_of_bandwidth to 0.05
/Constant/dss_end	4
/Constant/dss_start	2
/Constant/ass_start	1
/Constant/ass_end	2
/Constant/ass_upwindow_size	25
/IntronModel/d	737
/IntronModel/ass_motif_memory	1
/IntronModel/ass_motif_radius	0
/ExonModel/tis_motif_memory	0
/ExonModel/tis_motif_radius	0
/Constant/trans_init_window	25
/Constant/init_coding_len	13
/ExonModel/patpseudocount	2.75
/ExonModel/etpseudocount	3
/ExonModel/etorder	2
/Constant/intterm_coding_len	1
/ExonModel/slope_of_bandwidth	0.05
/ExonModel/minwindowcount	10
/IGenicModel/patpseudocount	5.0
/IntronModel/patpseudocount	5.0
/IntronModel/slope_of_bandwidth	0.4
/IntronModel/minwindowcount	4
/IntronModel/asspseudocount	0.00266
/IntronModel/dsspseudocount	0.0005
/IntronModel/dssneighborfactor	0.00173
/ExonModel/minPatSum	233.3
/Constant/probNinCoding	0.23
/Constant/decomp_num_steps	1
Writing new parameters to /home/fogah/prg/augustus-3.2.3/config/species/lda/lda_parameters.cfg...
bucket 1 2 3 4 5 6 7 8 
bucket 1 2 3 4 5 6 7 8 
bucket 1 2 3 4 5 6 7 8 
bucket 1 2 3 4 5 6 7 8 
values  0.05	0.1875	0.325	0.4625	0.6
targets 0.5918	0.5915	0.5911	0.5906	0.5904
/ExonModel/slope_of_bandwidth: checking values 0.05	0.084375	0.11875	0.153125	0.1875
retrieve accuracy from previous computation
bucket 1 2 3 4 5 6 7 8 
bucket 1 2 3 4 5 6 7 8 
bucket 1 2 3 4 5 6 7 8 
retrieve accuracy from previous computation
values  0.05	0.084375	0.11875	0.153125	0.1875
targets 0.5918	0.5917	0.5912	0.5914	0.5915
improving parameter /ExonModel/minwindowcount curently set to 10
1-15
/ExonModel/minwindowcount: checking values 1	4	8	11	15
bucket 1 2 3 4 5 6 7 8 
bucket 1 2 3 4 5 6 7 8 
bucket 1 2 3 4 5 6 7 8 
bucket 1 2 3 4 5 6 7 8 
bucket 1 2 3 4 5 6 7 8 
values  1	4	8	11	15
targets 0.5798	0.5900	0.5912	0.5916	0.5910
improving parameter /IGenicModel/patpseudocount curently set to 5.0
0.5-7
/IGenicModel/patpseudocount: checking values 0.5	2.125	3.75	5.375	7
bucket 1 2 3 4 5 6 7 8 
bucket 1 2 3 4 5 6 7 8 
bucket 1 2 3 4 5 6 7 8 
bucket 1 2 3 4 5 6 7 8 
bucket 1 2 3 4 5 6 7 8 
values  0.5	2.125	3.75	5.375	7
targets 0.5918	0.5918	0.5918	0.5918	0.5918
improving parameter /IntronModel/patpseudocount curently set to 5.0
0.5-7
/IntronModel/patpseudocount: checking values 0.5	2.125	3.75	5.375	7
bucket 1 2 3 4 5 6 7 8 
found improvement: 0.8742, 0.5415, 0.6739, 0.5520, 0.2057, 0.1134, -1.00, -1.00, optimal target: 0.5920
changing /IntronModel/patpseudocount to 0.5
/Constant/dss_end	4
/Constant/dss_start	2
/Constant/ass_start	1
/Constant/ass_end	2
/Constant/ass_upwindow_size	25
/IntronModel/d	737
/IntronModel/ass_motif_memory	1
/IntronModel/ass_motif_radius	0
/ExonModel/tis_motif_memory	0
/ExonModel/tis_motif_radius	0
/Constant/trans_init_window	25
/Constant/init_coding_len	13
/ExonModel/patpseudocount	2.75
/ExonModel/etpseudocount	3
/ExonModel/etorder	2
/Constant/intterm_coding_len	1
/ExonModel/slope_of_bandwidth	0.05
/ExonModel/minwindowcount	10
/IGenicModel/patpseudocount	5.0
/IntronModel/patpseudocount	0.5
/IntronModel/slope_of_bandwidth	0.4
/IntronModel/minwindowcount	4
/IntronModel/asspseudocount	0.00266
/IntronModel/dsspseudocount	0.0005
/IntronModel/dssneighborfactor	0.00173
/ExonModel/minPatSum	233.3
/Constant/probNinCoding	0.23
/Constant/decomp_num_steps	1
Writing new parameters to /home/fogah/prg/augustus-3.2.3/config/species/lda/lda_parameters.cfg...
bucket 1 2 3 4 5 6 7 8 
bucket 1 2 3 4 5 6 7 8 
bucket 1 2 3 4 5 6 7 8 
found improvement: 0.8733, 0.5427, 0.6730, 0.5533, 0.2057, 0.1141, -1.00, -1.00, optimal target: 0.5922
changing /IntronModel/patpseudocount to 5.375
/Constant/dss_end	4
/Constant/dss_start	2
/Constant/ass_start	1
/Constant/ass_end	2
/Constant/ass_upwindow_size	25
/IntronModel/d	737
/IntronModel/ass_motif_memory	1
/IntronModel/ass_motif_radius	0
/ExonModel/tis_motif_memory	0
/ExonModel/tis_motif_radius	0
/Constant/trans_init_window	25
/Constant/init_coding_len	13
/ExonModel/patpseudocount	2.75
/ExonModel/etpseudocount	3
/ExonModel/etorder	2
/Constant/intterm_coding_len	1
/ExonModel/slope_of_bandwidth	0.05
/ExonModel/minwindowcount	10
/IGenicModel/patpseudocount	5.0
/IntronModel/patpseudocount	5.375
/IntronModel/slope_of_bandwidth	0.4
/IntronModel/minwindowcount	4
/IntronModel/asspseudocount	0.00266
/IntronModel/dsspseudocount	0.0005
/IntronModel/dssneighborfactor	0.00173
/ExonModel/minPatSum	233.3
/Constant/probNinCoding	0.23
/Constant/decomp_num_steps	1
Writing new parameters to /home/fogah/prg/augustus-3.2.3/config/species/lda/lda_parameters.cfg...
bucket 1 2 3 4 5 6 7 8 
found improvement: 0.8709, 0.5436, 0.6711, 0.5553, 0.2089, 0.1162, -1.00, -1.00, optimal target: 0.5925
changing /IntronModel/patpseudocount to 7
/Constant/dss_end	4
/Constant/dss_start	2
/Constant/ass_start	1
/Constant/ass_end	2
/Constant/ass_upwindow_size	25
/IntronModel/d	737
/IntronModel/ass_motif_memory	1
/IntronModel/ass_motif_radius	0
/ExonModel/tis_motif_memory	0
/ExonModel/tis_motif_radius	0
/Constant/trans_init_window	25
/Constant/init_coding_len	13
/ExonModel/patpseudocount	2.75
/ExonModel/etpseudocount	3
/ExonModel/etorder	2
/Constant/intterm_coding_len	1
/ExonModel/slope_of_bandwidth	0.05
/ExonModel/minwindowcount	10
/IGenicModel/patpseudocount	5.0
/IntronModel/patpseudocount	7
/IntronModel/slope_of_bandwidth	0.4
/IntronModel/minwindowcount	4
/IntronModel/asspseudocount	0.00266
/IntronModel/dsspseudocount	0.0005
/IntronModel/dssneighborfactor	0.00173
/ExonModel/minPatSum	233.3
/Constant/probNinCoding	0.23
/Constant/decomp_num_steps	1
Writing new parameters to /home/fogah/prg/augustus-3.2.3/config/species/lda/lda_parameters.cfg...
values  0.5	2.125	3.75	5.375	7
targets 0.5920	0.5918	0.5919	0.5922	0.5925
/IntronModel/patpseudocount: checking values 5.375	5.78125	6.1875	6.59375	7
retrieve accuracy from previous computation
bucket 1 2 3 4 5 6 7 8 
bucket 1 2 3 4 5 6 7 8 
bucket 1 2 3 4 5 6 7 8 
retrieve accuracy from previous computation
values  5.375	5.78125	6.1875	6.59375	7
targets 0.5922	0.5920	0.5921	0.5925	0.5925
improving parameter /IntronModel/slope_of_bandwidth curently set to 0.4
0.05-0.6
/IntronModel/slope_of_bandwidth: checking values 0.05	0.1875	0.325	0.4625	0.6
bucket 1 2 3 4 5 6 7 8 
bucket 1 2 3 4 5 6 7 8 
found improvement: 0.8729, 0.5439, 0.6731, 0.5541, 0.2089, 0.1160, -1.00, -1.00, optimal target: 0.5930
changing /IntronModel/slope_of_bandwidth to 0.1875
/Constant/dss_end	4
/Constant/dss_start	2
/Constant/ass_start	1
/Constant/ass_end	2
/Constant/ass_upwindow_size	25
/IntronModel/d	737
/IntronModel/ass_motif_memory	1
/IntronModel/ass_motif_radius	0
/ExonModel/tis_motif_memory	0
/ExonModel/tis_motif_radius	0
/Constant/trans_init_window	25
/Constant/init_coding_len	13
/ExonModel/patpseudocount	2.75
/ExonModel/etpseudocount	3
/ExonModel/etorder	2
/Constant/intterm_coding_len	1
/ExonModel/slope_of_bandwidth	0.05
/ExonModel/minwindowcount	10
/IGenicModel/patpseudocount	5.0
/IntronModel/patpseudocount	7
/IntronModel/slope_of_bandwidth	0.1875
/IntronModel/minwindowcount	4
/IntronModel/asspseudocount	0.00266
/IntronModel/dsspseudocount	0.0005
/IntronModel/dssneighborfactor	0.00173
/ExonModel/minPatSum	233.3
/Constant/probNinCoding	0.23
/Constant/decomp_num_steps	1
Writing new parameters to /home/fogah/prg/augustus-3.2.3/config/species/lda/lda_parameters.cfg...
bucket 1 2 3 4 5 6 7 8 
bucket 1 2 3 4 5 6 7 8 
bucket 1 2 3 4 5 6 7 8 
values  0.05	0.1875	0.325	0.4625	0.6
targets 0.5918	0.5930	0.5925	0.5926	0.5925
/IntronModel/slope_of_bandwidth: checking values 0.05	0.11875	0.1875	0.25625	0.325
retrieve accuracy from previous computation
bucket 1 2 3 4 5 6 7 8 
retrieve accuracy from previous computation
bucket 1 2 3 4 5 6 7 8 
found improvement: 0.8734, 0.5440, 0.6727, 0.5546, 0.2089, 0.1160, -1.00, -1.00, optimal target: 0.5931
changing /IntronModel/slope_of_bandwidth to 0.25625
/Constant/dss_end	4
/Constant/dss_start	2
/Constant/ass_start	1
/Constant/ass_end	2
/Constant/ass_upwindow_size	25
/IntronModel/d	737
/IntronModel/ass_motif_memory	1
/IntronModel/ass_motif_radius	0
/ExonModel/tis_motif_memory	0
/ExonModel/tis_motif_radius	0
/Constant/trans_init_window	25
/Constant/init_coding_len	13
/ExonModel/patpseudocount	2.75
/ExonModel/etpseudocount	3
/ExonModel/etorder	2
/Constant/intterm_coding_len	1
/ExonModel/slope_of_bandwidth	0.05
/ExonModel/minwindowcount	10
/IGenicModel/patpseudocount	5.0
/IntronModel/patpseudocount	7
/IntronModel/slope_of_bandwidth	0.25625
/IntronModel/minwindowcount	4
/IntronModel/asspseudocount	0.00266
/IntronModel/dsspseudocount	0.0005
/IntronModel/dssneighborfactor	0.00173
/ExonModel/minPatSum	233.3
/Constant/probNinCoding	0.23
/Constant/decomp_num_steps	1
Writing new parameters to /home/fogah/prg/augustus-3.2.3/config/species/lda/lda_parameters.cfg...
retrieve accuracy from previous computation
values  0.05	0.11875	0.1875	0.25625	0.325
targets 0.5918	0.5930	0.5930	0.5931	0.5925
/IntronModel/slope_of_bandwidth: checking values 0.1875	0.221875	0.25625	0.290625	0.325
retrieve accuracy from previous computation
bucket 1 2 3 4 5 6 7 8 
found improvement: 0.8734, 0.5442, 0.6731, 0.5545, 0.2089, 0.1160, -1.00, -1.00, optimal target: 0.5932
changing /IntronModel/slope_of_bandwidth to 0.221875
/Constant/dss_end	4
/Constant/dss_start	2
/Constant/ass_start	1
/Constant/ass_end	2
/Constant/ass_upwindow_size	25
/IntronModel/d	737
/IntronModel/ass_motif_memory	1
/IntronModel/ass_motif_radius	0
/ExonModel/tis_motif_memory	0
/ExonModel/tis_motif_radius	0
/Constant/trans_init_window	25
/Constant/init_coding_len	13
/ExonModel/patpseudocount	2.75
/ExonModel/etpseudocount	3
/ExonModel/etorder	2
/Constant/intterm_coding_len	1
/ExonModel/slope_of_bandwidth	0.05
/ExonModel/minwindowcount	10
/IGenicModel/patpseudocount	5.0
/IntronModel/patpseudocount	7
/IntronModel/slope_of_bandwidth	0.221875
/IntronModel/minwindowcount	4
/IntronModel/asspseudocount	0.00266
/IntronModel/dsspseudocount	0.0005
/IntronModel/dssneighborfactor	0.00173
/ExonModel/minPatSum	233.3
/Constant/probNinCoding	0.23
/Constant/decomp_num_steps	1
Writing new parameters to /home/fogah/prg/augustus-3.2.3/config/species/lda/lda_parameters.cfg...
retrieve accuracy from previous computation
bucket 1 2 3 4 5 6 7 8 
found improvement: 0.8730, 0.5441, 0.6731, 0.5551, 0.2089, 0.1162, -1.00, -1.00, optimal target: 0.5933
changing /IntronModel/slope_of_bandwidth to 0.290625
/Constant/dss_end	4
/Constant/dss_start	2
/Constant/ass_start	1
/Constant/ass_end	2
/Constant/ass_upwindow_size	25
/IntronModel/d	737
/IntronModel/ass_motif_memory	1
/IntronModel/ass_motif_radius	0
/ExonModel/tis_motif_memory	0
/ExonModel/tis_motif_radius	0
/Constant/trans_init_window	25
/Constant/init_coding_len	13
/ExonModel/patpseudocount	2.75
/ExonModel/etpseudocount	3
/ExonModel/etorder	2
/Constant/intterm_coding_len	1
/ExonModel/slope_of_bandwidth	0.05
/ExonModel/minwindowcount	10
/IGenicModel/patpseudocount	5.0
/IntronModel/patpseudocount	7
/IntronModel/slope_of_bandwidth	0.290625
/IntronModel/minwindowcount	4
/IntronModel/asspseudocount	0.00266
/IntronModel/dsspseudocount	0.0005
/IntronModel/dssneighborfactor	0.00173
/ExonModel/minPatSum	233.3
/Constant/probNinCoding	0.23
/Constant/decomp_num_steps	1
Writing new parameters to /home/fogah/prg/augustus-3.2.3/config/species/lda/lda_parameters.cfg...
retrieve accuracy from previous computation
values  0.1875	0.221875	0.25625	0.290625	0.325
targets 0.5930	0.5932	0.5931	0.5933	0.5925
/IntronModel/slope_of_bandwidth: checking values 0.25625	0.2734375	0.290625	0.3078125	0.325
retrieve accuracy from previous computation
bucket 1 2 3 4 5 6 7 8 
retrieve accuracy from previous computation
bucket 1 2 3 4 5 6 7 8 
retrieve accuracy from previous computation
values  0.25625	0.2734375	0.290625	0.3078125	0.325
targets 0.5931	0.5925	0.5933	0.5931	0.5925
improving parameter /IntronModel/minwindowcount curently set to 4
1-8
/IntronModel/minwindowcount: checking values 1	2	4	6	8
bucket 1 2 3 4 5 6 7 8 
bucket 1 2 3 4 5 6 7 8 
retrieve accuracy from previous computation
bucket 1 2 3 4 5 6 7 8 
bucket 1 2 3 4 5 6 7 8 
values  1	2	4	6	8
targets 0.5933	0.5933	0.5933	0.5932	0.5932
improving parameter /IntronModel/asspseudocount curently set to 0.00266
0.0005-0.03
/IntronModel/asspseudocount: checking values 0.0005	0.007875	0.01525	0.022625	0.03
bucket 1 2 3 4 5 6 7 8 
bucket 1 2 3 4 5 6 7 8 
bucket 1 2 3 4 5 6 7 8 
bucket 1 2 3 4 5 6 7 8 
bucket 1 2 3 4 5 6 7 8 
values  0.0005	0.007875	0.01525	0.022625	0.03
targets 0.5933	0.5933	0.5933	0.5931	0.5931
improving parameter /IntronModel/dsspseudocount curently set to 0.0005
0.0002-0.04
/IntronModel/dsspseudocount: checking values 0.0002	0.01015	0.0201	0.03005	0.04
bucket 1 2 3 4 5 6 7 8 
found improvement: 0.8731, 0.5455, 0.6735, 0.5554, 0.2089, 0.1160, -1.00, -1.00, optimal target: 0.5936
changing /IntronModel/dsspseudocount to 0.0002
/Constant/dss_end	4
/Constant/dss_start	2
/Constant/ass_start	1
/Constant/ass_end	2
/Constant/ass_upwindow_size	25
/IntronModel/d	737
/IntronModel/ass_motif_memory	1
/IntronModel/ass_motif_radius	0
/ExonModel/tis_motif_memory	0
/ExonModel/tis_motif_radius	0
/Constant/trans_init_window	25
/Constant/init_coding_len	13
/ExonModel/patpseudocount	2.75
/ExonModel/etpseudocount	3
/ExonModel/etorder	2
/Constant/intterm_coding_len	1
/ExonModel/slope_of_bandwidth	0.05
/ExonModel/minwindowcount	10
/IGenicModel/patpseudocount	5.0
/IntronModel/patpseudocount	7
/IntronModel/slope_of_bandwidth	0.290625
/IntronModel/minwindowcount	4
/IntronModel/asspseudocount	0.00266
/IntronModel/dsspseudocount	0.0002
/IntronModel/dssneighborfactor	0.00173
/ExonModel/minPatSum	233.3
/Constant/probNinCoding	0.23
/Constant/decomp_num_steps	1
Writing new parameters to /home/fogah/prg/augustus-3.2.3/config/species/lda/lda_parameters.cfg...
bucket 1 2 3 4 5 6 7 8 
bucket 1 2 3 4 5 6 7 8 
bucket 1 2 3 4 5 6 7 8 
bucket 1 2 3 4 5 6 7 8 
values  0.0002	0.01015	0.0201	0.03005	0.04
targets 0.5936	0.5912	0.5890	0.5881	0.5871
/IntronModel/dsspseudocount: checking values 0.0002	0.0026875	0.005175	0.0076625	0.01015
retrieve accuracy from previous computation
bucket 1 2 3 4 5 6 7 8 
found improvement: 0.8741, 0.5434, 0.6752, 0.5565, 0.2120, 0.1189, -1.00, -1.00, optimal target: 0.5946
changing /IntronModel/dsspseudocount to 0.0026875
/Constant/dss_end	4
/Constant/dss_start	2
/Constant/ass_start	1
/Constant/ass_end	2
/Constant/ass_upwindow_size	25
/IntronModel/d	737
/IntronModel/ass_motif_memory	1
/IntronModel/ass_motif_radius	0
/ExonModel/tis_motif_memory	0
/ExonModel/tis_motif_radius	0
/Constant/trans_init_window	25
/Constant/init_coding_len	13
/ExonModel/patpseudocount	2.75
/ExonModel/etpseudocount	3
/ExonModel/etorder	2
/Constant/intterm_coding_len	1
/ExonModel/slope_of_bandwidth	0.05
/ExonModel/minwindowcount	10
/IGenicModel/patpseudocount	5.0
/IntronModel/patpseudocount	7
/IntronModel/slope_of_bandwidth	0.290625
/IntronModel/minwindowcount	4
/IntronModel/asspseudocount	0.00266
/IntronModel/dsspseudocount	0.0026875
/IntronModel/dssneighborfactor	0.00173
/ExonModel/minPatSum	233.3
/Constant/probNinCoding	0.23
/Constant/decomp_num_steps	1
Writing new parameters to /home/fogah/prg/augustus-3.2.3/config/species/lda/lda_parameters.cfg...
bucket 1 2 3 4 5 6 7 8 
bucket 1 2 3 4 5 6 7 8 
retrieve accuracy from previous computation
values  0.0002	0.0026875	0.005175	0.0076625	0.01015
targets 0.5936	0.5946	0.5927	0.5918	0.5912
/IntronModel/dsspseudocount: checking values 0.0002	0.00144375	0.0026875	0.00393125	0.005175
retrieve accuracy from previous computation
bucket 1 2 3 4 5 6 7 8 
retrieve accuracy from previous computation
bucket 1 2 3 4 5 6 7 8 
retrieve accuracy from previous computation
values  0.0002	0.00144375	0.0026875	0.00393125	0.005175
targets 0.5936	0.5945	0.5946	0.5937	0.5927
improving parameter /IntronModel/dssneighborfactor curently set to 0.00173
0.0001-0.01
/IntronModel/dssneighborfactor: checking values 0.0001	0.002575	0.00505	0.007525	0.01
bucket 1 2 3 4 5 6 7 8 
bucket 1 2 3 4 5 6 7 8 
found improvement: 0.8759, 0.5429, 0.6785, 0.5578, 0.2089, 0.1169, -1.00, -1.00, optimal target: 0.5952
changing /IntronModel/dssneighborfactor to 0.002575
/Constant/dss_end	4
/Constant/dss_start	2
/Constant/ass_start	1
/Constant/ass_end	2
/Constant/ass_upwindow_size	25
/IntronModel/d	737
/IntronModel/ass_motif_memory	1
/IntronModel/ass_motif_radius	0
/ExonModel/tis_motif_memory	0
/ExonModel/tis_motif_radius	0
/Constant/trans_init_window	25
/Constant/init_coding_len	13
/ExonModel/patpseudocount	2.75
/ExonModel/etpseudocount	3
/ExonModel/etorder	2
/Constant/intterm_coding_len	1
/ExonModel/slope_of_bandwidth	0.05
/ExonModel/minwindowcount	10
/IGenicModel/patpseudocount	5.0
/IntronModel/patpseudocount	7
/IntronModel/slope_of_bandwidth	0.290625
/IntronModel/minwindowcount	4
/IntronModel/asspseudocount	0.00266
/IntronModel/dsspseudocount	0.0026875
/IntronModel/dssneighborfactor	0.002575
/ExonModel/minPatSum	233.3
/Constant/probNinCoding	0.23
/Constant/decomp_num_steps	1
Writing new parameters to /home/fogah/prg/augustus-3.2.3/config/species/lda/lda_parameters.cfg...
bucket 1 2 3 4 5 6 7 8 
bucket 1 2 3 4 5 6 7 8 
bucket 1 2 3 4 5 6 7 8 
values  0.0001	0.002575	0.00505	0.007525	0.01
targets 0.5884	0.5952	0.5936	0.5929	0.5930
/IntronModel/dssneighborfactor: checking values 0.0001	0.0013375	0.002575	0.0038125	0.00505
retrieve accuracy from previous computation
bucket 1 2 3 4 5 6 7 8 
retrieve accuracy from previous computation
bucket 1 2 3 4 5 6 7 8 
retrieve accuracy from previous computation
values  0.0001	0.0013375	0.002575	0.0038125	0.00505
targets 0.5884	0.5949	0.5952	0.5949	0.5936
improving parameter /ExonModel/minPatSum curently set to 233.3
100-600
/ExonModel/minPatSum: checking values 100	225	350	475	600
bucket 1 2 3 4 5 6 7 8 
bucket 1 2 3 4 5 6 7 8 
bucket 1 2 3 4 5 6 7 8 
bucket 1 2 3 4 5 6 7 8 
bucket 1 2 3 4 5 6 7 8 
values  100	225	350	475	600
targets 0.5912	0.5930	0.5917	0.5925	0.5909
improving parameter /Constant/probNinCoding curently set to 0.23
0.15-.25
/Constant/probNinCoding: checking values 0.15	0.175	0.2	0.225	0.25
bucket 1 2 3 4 5 6 7 8 
bucket 1 2 3 4 5 6 7 8 
bucket 1 2 3 4 5 6 7 8 
bucket 1 2 3 4 5 6 7 8 
bucket 1 2 3 4 5 6 7 8 
values  0.15	0.175	0.2	0.225	0.25
targets 0.5952	0.5952	0.5952	0.5952	0.5952
improving parameter /Constant/decomp_num_steps curently set to 1
1-5
/Constant/decomp_num_steps: checking values 1	2	3	4	5
retrieve accuracy from previous computation
bucket 1 2 3 4 5 6 7 8 
bucket 1 2 3 4 5 6 7 8 
bucket 1 2 3 4 5 6 7 8 
bucket 1 2 3 4 5 6 7 8 
values  1	2	3	4	5
targets 0.5952	0.5896	0.5903	0.5909	0.5893
improving parameter /Constant/dss_end curently set to 4
1-4
/Constant/dss_end: checking values 1	2	3	4
bucket 1 2 3 4 5 6 7 8 
bucket 1 2 3 4 5 6 7 8 
bucket 1 2 3 4 5 6 7 8 
retrieve accuracy from previous computation
values  1	2	3	4
targets 0.5519	0.5663	0.5884	0.5952
improving parameter /Constant/dss_start curently set to 2
1-3
/Constant/dss_start: checking values 1	2	3
bucket 1 2 3 4 5 6 7 8 
retrieve accuracy from previous computation
bucket 1 2 3 4 5 6 7 8 
values  1	2	3
targets 0.5812	0.5952	0.5830
improving parameter /Constant/ass_start curently set to 1
1-3
/Constant/ass_start: checking values 1	2	3
retrieve accuracy from previous computation
bucket 1 2 3 4 5 6 7 8 
bucket 1 2 3 4 5 6 7 8 
values  1	2	3
targets 0.5952	0.5893	0.5810
improving parameter /Constant/ass_end curently set to 2
0-4
/Constant/ass_end: checking values 0	1	2	3	4
bucket 1 2 3 4 5 6 7 8 
bucket 1 2 3 4 5 6 7 8 
retrieve accuracy from previous computation
bucket 1 2 3 4 5 6 7 8 
bucket 1 2 3 4 5 6 7 8 
values  0	1	2	3	4
targets 0.5847	0.5898	0.5952	0.5909	0.5815
improving parameter /Constant/ass_upwindow_size curently set to 25
1-50
/Constant/ass_upwindow_size: checking values 1	13	25	37	50
bucket 1 2 3 4 5 6 7 8 
bucket 1 2 3 4 5 6 7 8 
retrieve accuracy from previous computation
bucket 1 2 3 4 5 6 7 8 
bucket 1 2 3 4 5 6 7 8 
values  1	13	25	37	50
targets 0.5279	0.5785	0.5952	0.5920	0.5914
improving parameter /IntronModel/d curently set to 737
100-950
/IntronModel/d: checking values 100	312	525	737	950
bucket 1 2 3 4 5 6 7 8 
bucket 1 2 3 4 5 6 7 8 
bucket 1 2 3 4 5 6 7 8 
retrieve accuracy from previous computation
bucket 1 2 3 4 5 6 7 8 
values  100	312	525	737	950
targets 0.5903	0.5905	0.5940	0.5952	0.5940
improving parameter /IntronModel/ass_motif_memory curently set to 1
0-3
/IntronModel/ass_motif_memory: checking values 0	1	2	3
bucket 1 2 3 4 5 6 7 8 
retrieve accuracy from previous computation
bucket 1 2 3 4 5 6 7 8 
bucket 1 2 3 4 5 6 7 8 
values  0	1	2	3
targets 0.5859	0.5952	0.5831	0.5632
improving parameter /IntronModel/ass_motif_radius curently set to 0
0-4
/IntronModel/ass_motif_radius: checking values 0	1	2	3	4
retrieve accuracy from previous computation
bucket 1 2 3 4 5 6 7 8 
bucket 1 2 3 4 5 6 7 8 
bucket 1 2 3 4 5 6 7 8 
bucket 1 2 3 4 5 6 7 8 
values  0	1	2	3	4
targets 0.5952	0.5873	0.5833	0.5836	0.5831
improving parameter /ExonModel/tis_motif_memory curently set to 0
0-3
/ExonModel/tis_motif_memory: checking values 0	1	2	3
retrieve accuracy from previous computation
bucket 1 2 3 4 5 6 7 8 
bucket 1 2 3 4 5 6 7 8 
bucket 1 2 3 4 5 6 7 8 
values  0	1	2	3
targets 0.5952	0.5901	0.5884	0.5755
improving parameter /ExonModel/tis_motif_radius curently set to 0
0-3
/ExonModel/tis_motif_radius: checking values 0	1	2	3
retrieve accuracy from previous computation
bucket 1 2 3 4 5 6 7 8 
bucket 1 2 3 4 5 6 7 8 
bucket 1 2 3 4 5 6 7 8 
values  0	1	2	3
targets 0.5952	0.5902	0.5880	0.5881
improving parameter /Constant/trans_init_window curently set to 25
0-25
/Constant/trans_init_window: checking values 0	6	12	18	25
bucket 1 2 3 4 5 6 7 8 
bucket 1 2 3 4 5 6 7 8 
bucket 1 2 3 4 5 6 7 8 
bucket 1 2 3 4 5 6 7 8 
retrieve accuracy from previous computation
values  0	6	12	18	25
targets 0.5835	0.5941	0.5938	0.5923	0.5952
improving parameter /Constant/init_coding_len curently set to 13
0-18
/Constant/init_coding_len: checking values 0	4	9	13	18
bucket 1 2 3 4 5 6 7 8 
bucket 1 2 3 4 5 6 7 8 
bucket 1 2 3 4 5 6 7 8 
retrieve accuracy from previous computation
bucket 1 2 3 4 5 6 7 8 
values  0	4	9	13	18
targets 0.5930	0.5890	0.5921	0.5952	0.5937
improving parameter /ExonModel/patpseudocount curently set to 2.75
0.5-5
/ExonModel/patpseudocount: checking values 0.5	1.625	2.75	3.875	5
bucket 1 2 3 4 5 6 7 8 
bucket 1 2 3 4 5 6 7 8 
retrieve accuracy from previous computation
bucket 1 2 3 4 5 6 7 8 
bucket 1 2 3 4 5 6 7 8 
values  0.5	1.625	2.75	3.875	5
targets 0.5934	0.5935	0.5952	0.5945	0.5910
improving parameter /ExonModel/etpseudocount curently set to 3
0-10
/ExonModel/etpseudocount: checking values 0	2	5	7	10
bucket 1 2 3 4 5 6 7 8 
bucket 1 2 3 4 5 6 7 8 
bucket 1 2 3 4 5 6 7 8 
bucket 1 2 3 4 5 6 7 8 
bucket 1 2 3 4 5 6 7 8 
values  0	2	5	7	10
targets 0.5952	0.5952	0.5952	0.5952	0.5952
improving parameter /ExonModel/etorder curently set to 2
0-3
/ExonModel/etorder: checking values 0	1	2	3
bucket 1 2 3 4 5 6 7 8 
bucket 1 2 3 4 5 6 7 8 
retrieve accuracy from previous computation
bucket 1 2 3 4 5 6 7 8 
values  0	1	2	3
targets 0.5952	0.5952	0.5952	0.5952
improving parameter /Constant/intterm_coding_len curently set to 1
0-13
/Constant/intterm_coding_len: checking values 0	3	6	9	13
bucket 1 2 3 4 5 6 7 8 
bucket 1 2 3 4 5 6 7 8 
bucket 1 2 3 4 5 6 7 8 
bucket 1 2 3 4 5 6 7 8 
bucket 1 2 3 4 5 6 7 8 
values  0	3	6	9	13
targets 0.5931	0.5937	0.5919	0.5921	0.5905
improving parameter /ExonModel/slope_of_bandwidth curently set to 0.05
0.05-0.6
/ExonModel/slope_of_bandwidth: checking values 0.05	0.1875	0.325	0.4625	0.6
retrieve accuracy from previous computation
bucket 1 2 3 4 5 6 7 8 
bucket 1 2 3 4 5 6 7 8 
bucket 1 2 3 4 5 6 7 8 
bucket 1 2 3 4 5 6 7 8 
values  0.05	0.1875	0.325	0.4625	0.6
targets 0.5952	0.5950	0.5937	0.5931	0.5937
improving parameter /ExonModel/minwindowcount curently set to 10
1-15
/ExonModel/minwindowcount: checking values 1	4	8	11	15
bucket 1 2 3 4 5 6 7 8 
bucket 1 2 3 4 5 6 7 8 
bucket 1 2 3 4 5 6 7 8 
bucket 1 2 3 4 5 6 7 8 
bucket 1 2 3 4 5 6 7 8 
values  1	4	8	11	15
targets 0.5820	0.5926	0.5938	0.5951	0.5943
improving parameter /IGenicModel/patpseudocount curently set to 5.0
0.5-7
/IGenicModel/patpseudocount: checking values 0.5	2.125	3.75	5.375	7
bucket 1 2 3 4 5 6 7 8 
bucket 1 2 3 4 5 6 7 8 
bucket 1 2 3 4 5 6 7 8 
bucket 1 2 3 4 5 6 7 8 
bucket 1 2 3 4 5 6 7 8 
values  0.5	2.125	3.75	5.375	7
targets 0.5952	0.5952	0.5952	0.5952	0.5952
improving parameter /IntronModel/patpseudocount curently set to 7
0.5-7
/IntronModel/patpseudocount: checking values 0.5	2.125	3.75	5.375	7
bucket 1 2 3 4 5 6 7 8 
bucket 1 2 3 4 5 6 7 8 
bucket 1 2 3 4 5 6 7 8 
bucket 1 2 3 4 5 6 7 8 
retrieve accuracy from previous computation
values  0.5	2.125	3.75	5.375	7
targets 0.5936	0.5943	0.5944	0.5947	0.5952
improving parameter /IntronModel/slope_of_bandwidth curently set to 0.290625
0.05-0.6
/IntronModel/slope_of_bandwidth: checking values 0.05	0.1875	0.325	0.4625	0.6
bucket 1 2 3 4 5 6 7 8 
bucket 1 2 3 4 5 6 7 8 
bucket 1 2 3 4 5 6 7 8 
bucket 1 2 3 4 5 6 7 8 
bucket 1 2 3 4 5 6 7 8 
values  0.05	0.1875	0.325	0.4625	0.6
targets 0.5938	0.5951	0.5942	0.5941	0.5936
improving parameter /IntronModel/minwindowcount curently set to 4
1-8
/IntronModel/minwindowcount: checking values 1	2	4	6	8
bucket 1 2 3 4 5 6 7 8 
bucket 1 2 3 4 5 6 7 8 
retrieve accuracy from previous computation
bucket 1 2 3 4 5 6 7 8 
bucket 1 2 3 4 5 6 7 8 
values  1	2	4	6	8
targets 0.5952	0.5952	0.5952	0.5950	0.5943
improving parameter /IntronModel/asspseudocount curently set to 0.00266
0.0005-0.03
/IntronModel/asspseudocount: checking values 0.0005	0.007875	0.01525	0.022625	0.03
bucket 1 2 3 4 5 6 7 8 
bucket 1 2 3 4 5 6 7 8 
bucket 1 2 3 4 5 6 7 8 
bucket 1 2 3 4 5 6 7 8 
bucket 1 2 3 4 5 6 7 8 
values  0.0005	0.007875	0.01525	0.022625	0.03
targets 0.5952	0.5952	0.5952	0.5952	0.5952
improving parameter /IntronModel/dsspseudocount curently set to 0.0026875
0.0002-0.04
/IntronModel/dsspseudocount: checking values 0.0002	0.01015	0.0201	0.03005	0.04
bucket 1 2 3 4 5 6 7 8 
bucket 1 2 3 4 5 6 7 8 
bucket 1 2 3 4 5 6 7 8 
bucket 1 2 3 4 5 6 7 8 
bucket 1 2 3 4 5 6 7 8 
values  0.0002	0.01015	0.0201	0.03005	0.04
targets 0.5932	0.5914	0.5894	0.5887	0.5872
improving parameter /IntronModel/dssneighborfactor curently set to 0.002575
0.0001-0.01
/IntronModel/dssneighborfactor: checking values 0.0001	0.002575	0.00505	0.007525	0.01
retrieve accuracy from previous computation
retrieve accuracy from previous computation
retrieve accuracy from previous computation
retrieve accuracy from previous computation
retrieve accuracy from previous computation
values  0.0001	0.002575	0.00505	0.007525	0.01
targets 0.5884	0.5952	0.5936	0.5929	0.5930
improving parameter /ExonModel/minPatSum curently set to 233.3
100-600
/ExonModel/minPatSum: checking values 100	225	350	475	600
retrieve accuracy from previous computation
retrieve accuracy from previous computation
retrieve accuracy from previous computation
retrieve accuracy from previous computation
retrieve accuracy from previous computation
values  100	225	350	475	600
targets 0.5912	0.5930	0.5917	0.5925	0.5909
improving parameter /Constant/probNinCoding curently set to 0.23
0.15-.25
/Constant/probNinCoding: checking values 0.15	0.175	0.2	0.225	0.25
retrieve accuracy from previous computation
retrieve accuracy from previous computation
retrieve accuracy from previous computation
retrieve accuracy from previous computation
retrieve accuracy from previous computation
values  0.15	0.175	0.2	0.225	0.25
targets 0.5952	0.5952	0.5952	0.5952	0.5952
improving parameter /Constant/decomp_num_steps curently set to 1
1-5
/Constant/decomp_num_steps: checking values 1	2	3	4	5
retrieve accuracy from previous computation
retrieve accuracy from previous computation
retrieve accuracy from previous computation
retrieve accuracy from previous computation
retrieve accuracy from previous computation
values  1	2	3	4	5
targets 0.5952	0.5896	0.5903	0.5909	0.5893
improving parameter /Constant/dss_end curently set to 4
1-4
/Constant/dss_end: checking values 1	2	3	4
retrieve accuracy from previous computation
retrieve accuracy from previous computation
retrieve accuracy from previous computation
retrieve accuracy from previous computation
values  1	2	3	4
targets 0.5519	0.5663	0.5884	0.5952
improving parameter /Constant/dss_start curently set to 2
1-3
/Constant/dss_start: checking values 1	2	3
retrieve accuracy from previous computation
retrieve accuracy from previous computation
retrieve accuracy from previous computation
values  1	2	3
targets 0.5812	0.5952	0.5830
improving parameter /Constant/ass_start curently set to 1
1-3
/Constant/ass_start: checking values 1	2	3
retrieve accuracy from previous computation
retrieve accuracy from previous computation
retrieve accuracy from previous computation
values  1	2	3
targets 0.5952	0.5893	0.5810
improving parameter /Constant/ass_end curently set to 2
0-4
/Constant/ass_end: checking values 0	1	2	3	4
retrieve accuracy from previous computation
retrieve accuracy from previous computation
retrieve accuracy from previous computation
retrieve accuracy from previous computation
retrieve accuracy from previous computation
values  0	1	2	3	4
targets 0.5847	0.5898	0.5952	0.5909	0.5815
improving parameter /Constant/ass_upwindow_size curently set to 25
1-50
/Constant/ass_upwindow_size: checking values 1	13	25	37	50
retrieve accuracy from previous computation
retrieve accuracy from previous computation
retrieve accuracy from previous computation
retrieve accuracy from previous computation
retrieve accuracy from previous computation
values  1	13	25	37	50
targets 0.5279	0.5785	0.5952	0.5920	0.5914
improving parameter /IntronModel/d curently set to 737
100-950
/IntronModel/d: checking values 100	312	525	737	950
retrieve accuracy from previous computation
retrieve accuracy from previous computation
retrieve accuracy from previous computation
retrieve accuracy from previous computation
retrieve accuracy from previous computation
values  100	312	525	737	950
targets 0.5903	0.5905	0.5940	0.5952	0.5940
improving parameter /IntronModel/ass_motif_memory curently set to 1
0-3
/IntronModel/ass_motif_memory: checking values 0	1	2	3
retrieve accuracy from previous computation
retrieve accuracy from previous computation
retrieve accuracy from previous computation
retrieve accuracy from previous computation
values  0	1	2	3
targets 0.5859	0.5952	0.5831	0.5632
improving parameter /IntronModel/ass_motif_radius curently set to 0
0-4
/IntronModel/ass_motif_radius: checking values 0	1	2	3	4
retrieve accuracy from previous computation
retrieve accuracy from previous computation
retrieve accuracy from previous computation
retrieve accuracy from previous computation
retrieve accuracy from previous computation
values  0	1	2	3	4
targets 0.5952	0.5873	0.5833	0.5836	0.5831
improving parameter /ExonModel/tis_motif_memory curently set to 0
0-3
/ExonModel/tis_motif_memory: checking values 0	1	2	3
retrieve accuracy from previous computation
retrieve accuracy from previous computation
retrieve accuracy from previous computation
retrieve accuracy from previous computation
values  0	1	2	3
targets 0.5952	0.5901	0.5884	0.5755
improving parameter /ExonModel/tis_motif_radius curently set to 0
0-3
/ExonModel/tis_motif_radius: checking values 0	1	2	3
retrieve accuracy from previous computation
retrieve accuracy from previous computation
retrieve accuracy from previous computation
retrieve accuracy from previous computation
values  0	1	2	3
targets 0.5952	0.5902	0.5880	0.5881
improving parameter /Constant/trans_init_window curently set to 25
0-25
/Constant/trans_init_window: checking values 0	6	12	18	25
retrieve accuracy from previous computation
retrieve accuracy from previous computation
retrieve accuracy from previous computation
retrieve accuracy from previous computation
retrieve accuracy from previous computation
values  0	6	12	18	25
targets 0.5835	0.5941	0.5938	0.5923	0.5952
improving parameter /Constant/init_coding_len curently set to 13
0-18
/Constant/init_coding_len: checking values 0	4	9	13	18
retrieve accuracy from previous computation
retrieve accuracy from previous computation
retrieve accuracy from previous computation
retrieve accuracy from previous computation
retrieve accuracy from previous computation
values  0	4	9	13	18
targets 0.5930	0.5890	0.5921	0.5952	0.5937
improving parameter /ExonModel/patpseudocount curently set to 2.75
0.5-5
/ExonModel/patpseudocount: checking values 0.5	1.625	2.75	3.875	5
retrieve accuracy from previous computation
retrieve accuracy from previous computation
retrieve accuracy from previous computation
retrieve accuracy from previous computation
retrieve accuracy from previous computation
values  0.5	1.625	2.75	3.875	5
targets 0.5934	0.5935	0.5952	0.5945	0.5910
improving parameter /ExonModel/etpseudocount curently set to 3
0-10
/ExonModel/etpseudocount: checking values 0	2	5	7	10
retrieve accuracy from previous computation
retrieve accuracy from previous computation
retrieve accuracy from previous computation
retrieve accuracy from previous computation
retrieve accuracy from previous computation
values  0	2	5	7	10
targets 0.5952	0.5952	0.5952	0.5952	0.5952
improving parameter /ExonModel/etorder curently set to 2
0-3
/ExonModel/etorder: checking values 0	1	2	3
retrieve accuracy from previous computation
retrieve accuracy from previous computation
retrieve accuracy from previous computation
retrieve accuracy from previous computation
values  0	1	2	3
targets 0.5952	0.5952	0.5952	0.5952
improving parameter /Constant/intterm_coding_len curently set to 1
0-13
/Constant/intterm_coding_len: checking values 0	3	6	9	13
retrieve accuracy from previous computation
retrieve accuracy from previous computation
retrieve accuracy from previous computation
retrieve accuracy from previous computation
retrieve accuracy from previous computation
values  0	3	6	9	13
targets 0.5931	0.5937	0.5919	0.5921	0.5905
improving parameter /ExonModel/slope_of_bandwidth curently set to 0.05
0.05-0.6
/ExonModel/slope_of_bandwidth: checking values 0.05	0.1875	0.325	0.4625	0.6
retrieve accuracy from previous computation
retrieve accuracy from previous computation
retrieve accuracy from previous computation
retrieve accuracy from previous computation
retrieve accuracy from previous computation
values  0.05	0.1875	0.325	0.4625	0.6
targets 0.5952	0.5950	0.5937	0.5931	0.5937
improving parameter /ExonModel/minwindowcount curently set to 10
1-15
/ExonModel/minwindowcount: checking values 1	4	8	11	15
retrieve accuracy from previous computation
retrieve accuracy from previous computation
retrieve accuracy from previous computation
retrieve accuracy from previous computation
retrieve accuracy from previous computation
values  1	4	8	11	15
targets 0.5820	0.5926	0.5938	0.5951	0.5943
improving parameter /IGenicModel/patpseudocount curently set to 5.0
0.5-7
/IGenicModel/patpseudocount: checking values 0.5	2.125	3.75	5.375	7
retrieve accuracy from previous computation
retrieve accuracy from previous computation
retrieve accuracy from previous computation
retrieve accuracy from previous computation
retrieve accuracy from previous computation
values  0.5	2.125	3.75	5.375	7
targets 0.5952	0.5952	0.5952	0.5952	0.5952
improving parameter /IntronModel/patpseudocount curently set to 7
0.5-7
/IntronModel/patpseudocount: checking values 0.5	2.125	3.75	5.375	7
retrieve accuracy from previous computation
retrieve accuracy from previous computation
retrieve accuracy from previous computation
retrieve accuracy from previous computation
retrieve accuracy from previous computation
values  0.5	2.125	3.75	5.375	7
targets 0.5936	0.5943	0.5944	0.5947	0.5952
improving parameter /IntronModel/slope_of_bandwidth curently set to 0.290625
0.05-0.6
/IntronModel/slope_of_bandwidth: checking values 0.05	0.1875	0.325	0.4625	0.6
retrieve accuracy from previous computation
retrieve accuracy from previous computation
retrieve accuracy from previous computation
retrieve accuracy from previous computation
retrieve accuracy from previous computation
values  0.05	0.1875	0.325	0.4625	0.6
targets 0.5938	0.5951	0.5942	0.5941	0.5936
improving parameter /IntronModel/minwindowcount curently set to 4
1-8
/IntronModel/minwindowcount: checking values 1	2	4	6	8
retrieve accuracy from previous computation
retrieve accuracy from previous computation
retrieve accuracy from previous computation
retrieve accuracy from previous computation
retrieve accuracy from previous computation
values  1	2	4	6	8
targets 0.5952	0.5952	0.5952	0.5950	0.5943
improving parameter /IntronModel/asspseudocount curently set to 0.00266
0.0005-0.03
/IntronModel/asspseudocount: checking values 0.0005	0.007875	0.01525	0.022625	0.03
retrieve accuracy from previous computation
retrieve accuracy from previous computation
retrieve accuracy from previous computation
retrieve accuracy from previous computation
retrieve accuracy from previous computation
values  0.0005	0.007875	0.01525	0.022625	0.03
targets 0.5952	0.5952	0.5952	0.5952	0.5952
improving parameter /IntronModel/dsspseudocount curently set to 0.0026875
0.0002-0.04
/IntronModel/dsspseudocount: checking values 0.0002	0.01015	0.0201	0.03005	0.04
retrieve accuracy from previous computation
retrieve accuracy from previous computation
retrieve accuracy from previous computation
retrieve accuracy from previous computation
retrieve accuracy from previous computation
values  0.0002	0.01015	0.0201	0.03005	0.04
targets 0.5932	0.5914	0.5894	0.5887	0.5872
improving parameter /IntronModel/dssneighborfactor curently set to 0.002575
0.0001-0.01
/IntronModel/dssneighborfactor: checking values 0.0001	0.002575	0.00505	0.007525	0.01
retrieve accuracy from previous computation
retrieve accuracy from previous computation
retrieve accuracy from previous computation
retrieve accuracy from previous computation
retrieve accuracy from previous computation
values  0.0001	0.002575	0.00505	0.007525	0.01
targets 0.5884	0.5952	0.5936	0.5929	0.5930
improving parameter /ExonModel/minPatSum curently set to 233.3
100-600
/ExonModel/minPatSum: checking values 100	225	350	475	600
retrieve accuracy from previous computation
retrieve accuracy from previous computation
retrieve accuracy from previous computation
retrieve accuracy from previous computation
retrieve accuracy from previous computation
values  100	225	350	475	600
targets 0.5912	0.5930	0.5917	0.5925	0.5909
improving parameter /Constant/probNinCoding curently set to 0.23
0.15-.25
/Constant/probNinCoding: checking values 0.15	0.175	0.2	0.225	0.25
retrieve accuracy from previous computation
retrieve accuracy from previous computation
retrieve accuracy from previous computation
retrieve accuracy from previous computation
retrieve accuracy from previous computation
values  0.15	0.175	0.2	0.225	0.25
targets 0.5952	0.5952	0.5952	0.5952	0.5952
improving parameter /Constant/decomp_num_steps curently set to 1
1-5
/Constant/decomp_num_steps: checking values 1	2	3	4	5
retrieve accuracy from previous computation
retrieve accuracy from previous computation
retrieve accuracy from previous computation
retrieve accuracy from previous computation
retrieve accuracy from previous computation
values  1	2	3	4	5
targets 0.5952	0.5896	0.5903	0.5909	0.5893
improving parameter /Constant/dss_end curently set to 4
1-4
/Constant/dss_end: checking values 1	2	3	4
retrieve accuracy from previous computation
retrieve accuracy from previous computation
retrieve accuracy from previous computation
retrieve accuracy from previous computation
values  1	2	3	4
targets 0.5519	0.5663	0.5884	0.5952
improving parameter /Constant/dss_start curently set to 2
1-3
/Constant/dss_start: checking values 1	2	3
retrieve accuracy from previous computation
retrieve accuracy from previous computation
retrieve accuracy from previous computation
values  1	2	3
targets 0.5812	0.5952	0.5830
improving parameter /Constant/ass_start curently set to 1
1-3
/Constant/ass_start: checking values 1	2	3
retrieve accuracy from previous computation
retrieve accuracy from previous computation
retrieve accuracy from previous computation
values  1	2	3
targets 0.5952	0.5893	0.5810
improving parameter /Constant/ass_end curently set to 2
0-4
/Constant/ass_end: checking values 0	1	2	3	4
retrieve accuracy from previous computation
retrieve accuracy from previous computation
retrieve accuracy from previous computation
retrieve accuracy from previous computation
retrieve accuracy from previous computation
values  0	1	2	3	4
targets 0.5847	0.5898	0.5952	0.5909	0.5815
improving parameter /Constant/ass_upwindow_size curently set to 25
1-50
/Constant/ass_upwindow_size: checking values 1	13	25	37	50
retrieve accuracy from previous computation
retrieve accuracy from previous computation
retrieve accuracy from previous computation
retrieve accuracy from previous computation
retrieve accuracy from previous computation
values  1	13	25	37	50
targets 0.5279	0.5785	0.5952	0.5920	0.5914
improving parameter /IntronModel/d curently set to 737
100-950
/IntronModel/d: checking values 100	312	525	737	950
retrieve accuracy from previous computation
retrieve accuracy from previous computation
retrieve accuracy from previous computation
retrieve accuracy from previous computation
retrieve accuracy from previous computation
values  100	312	525	737	950
targets 0.5903	0.5905	0.5940	0.5952	0.5940
improving parameter /IntronModel/ass_motif_memory curently set to 1
0-3
/IntronModel/ass_motif_memory: checking values 0	1	2	3
retrieve accuracy from previous computation
retrieve accuracy from previous computation
retrieve accuracy from previous computation
retrieve accuracy from previous computation
values  0	1	2	3
targets 0.5859	0.5952	0.5831	0.5632
improving parameter /IntronModel/ass_motif_radius curently set to 0
0-4
/IntronModel/ass_motif_radius: checking values 0	1	2	3	4
retrieve accuracy from previous computation
retrieve accuracy from previous computation
retrieve accuracy from previous computation
retrieve accuracy from previous computation
retrieve accuracy from previous computation
values  0	1	2	3	4
targets 0.5952	0.5873	0.5833	0.5836	0.5831
improving parameter /ExonModel/tis_motif_memory curently set to 0
0-3
/ExonModel/tis_motif_memory: checking values 0	1	2	3
retrieve accuracy from previous computation
retrieve accuracy from previous computation
retrieve accuracy from previous computation
retrieve accuracy from previous computation
values  0	1	2	3
targets 0.5952	0.5901	0.5884	0.5755
improving parameter /ExonModel/tis_motif_radius curently set to 0
0-3
/ExonModel/tis_motif_radius: checking values 0	1	2	3
retrieve accuracy from previous computation
retrieve accuracy from previous computation
retrieve accuracy from previous computation
retrieve accuracy from previous computation
values  0	1	2	3
targets 0.5952	0.5902	0.5880	0.5881
improving parameter /Constant/trans_init_window curently set to 25
0-25
/Constant/trans_init_window: checking values 0	6	12	18	25
retrieve accuracy from previous computation
retrieve accuracy from previous computation
retrieve accuracy from previous computation
retrieve accuracy from previous computation
retrieve accuracy from previous computation
values  0	6	12	18	25
targets 0.5835	0.5941	0.5938	0.5923	0.5952
improving parameter /Constant/init_coding_len curently set to 13
0-18
/Constant/init_coding_len: checking values 0	4	9	13	18
retrieve accuracy from previous computation
retrieve accuracy from previous computation
retrieve accuracy from previous computation
retrieve accuracy from previous computation
retrieve accuracy from previous computation
values  0	4	9	13	18
targets 0.5930	0.5890	0.5921	0.5952	0.5937
improving parameter /ExonModel/patpseudocount curently set to 2.75
0.5-5
/ExonModel/patpseudocount: checking values 0.5	1.625	2.75	3.875	5
retrieve accuracy from previous computation
retrieve accuracy from previous computation
retrieve accuracy from previous computation
retrieve accuracy from previous computation
retrieve accuracy from previous computation
values  0.5	1.625	2.75	3.875	5
targets 0.5934	0.5935	0.5952	0.5945	0.5910
improving parameter /ExonModel/etpseudocount curently set to 3
0-10
/ExonModel/etpseudocount: checking values 0	2	5	7	10
retrieve accuracy from previous computation
retrieve accuracy from previous computation
retrieve accuracy from previous computation
retrieve accuracy from previous computation
retrieve accuracy from previous computation
values  0	2	5	7	10
targets 0.5952	0.5952	0.5952	0.5952	0.5952
improving parameter /ExonModel/etorder curently set to 2
0-3
/ExonModel/etorder: checking values 0	1	2	3
retrieve accuracy from previous computation
retrieve accuracy from previous computation
retrieve accuracy from previous computation
retrieve accuracy from previous computation
values  0	1	2	3
targets 0.5952	0.5952	0.5952	0.5952
improving parameter /Constant/intterm_coding_len curently set to 1
0-13
/Constant/intterm_coding_len: checking values 0	3	6	9	13
retrieve accuracy from previous computation
retrieve accuracy from previous computation
retrieve accuracy from previous computation
retrieve accuracy from previous computation
retrieve accuracy from previous computation
values  0	3	6	9	13
targets 0.5931	0.5937	0.5919	0.5921	0.5905
improving parameter /ExonModel/slope_of_bandwidth curently set to 0.05
0.05-0.6
/ExonModel/slope_of_bandwidth: checking values 0.05	0.1875	0.325	0.4625	0.6
retrieve accuracy from previous computation
retrieve accuracy from previous computation
retrieve accuracy from previous computation
retrieve accuracy from previous computation
retrieve accuracy from previous computation
values  0.05	0.1875	0.325	0.4625	0.6
targets 0.5952	0.5950	0.5937	0.5931	0.5937
improving parameter /ExonModel/minwindowcount curently set to 10
1-15
/ExonModel/minwindowcount: checking values 1	4	8	11	15
retrieve accuracy from previous computation
retrieve accuracy from previous computation
retrieve accuracy from previous computation
retrieve accuracy from previous computation
retrieve accuracy from previous computation
values  1	4	8	11	15
targets 0.5820	0.5926	0.5938	0.5951	0.5943
improving parameter /IGenicModel/patpseudocount curently set to 5.0
0.5-7
/IGenicModel/patpseudocount: checking values 0.5	2.125	3.75	5.375	7
retrieve accuracy from previous computation
retrieve accuracy from previous computation
retrieve accuracy from previous computation
retrieve accuracy from previous computation
retrieve accuracy from previous computation
values  0.5	2.125	3.75	5.375	7
targets 0.5952	0.5952	0.5952	0.5952	0.5952
improving parameter /IntronModel/patpseudocount curently set to 7
0.5-7
/IntronModel/patpseudocount: checking values 0.5	2.125	3.75	5.375	7
retrieve accuracy from previous computation
retrieve accuracy from previous computation
retrieve accuracy from previous computation
retrieve accuracy from previous computation
retrieve accuracy from previous computation
values  0.5	2.125	3.75	5.375	7
targets 0.5936	0.5943	0.5944	0.5947	0.5952
improving parameter /IntronModel/slope_of_bandwidth curently set to 0.290625
0.05-0.6
/IntronModel/slope_of_bandwidth: checking values 0.05	0.1875	0.325	0.4625	0.6
retrieve accuracy from previous computation
retrieve accuracy from previous computation
retrieve accuracy from previous computation
retrieve accuracy from previous computation
retrieve accuracy from previous computation
values  0.05	0.1875	0.325	0.4625	0.6
targets 0.5938	0.5951	0.5942	0.5941	0.5936
improving parameter /IntronModel/minwindowcount curently set to 4
1-8
/IntronModel/minwindowcount: checking values 1	2	4	6	8
retrieve accuracy from previous computation
retrieve accuracy from previous computation
retrieve accuracy from previous computation
retrieve accuracy from previous computation
retrieve accuracy from previous computation
values  1	2	4	6	8
targets 0.5952	0.5952	0.5952	0.5950	0.5943
improving parameter /IntronModel/asspseudocount curently set to 0.00266
0.0005-0.03
/IntronModel/asspseudocount: checking values 0.0005	0.007875	0.01525	0.022625	0.03
retrieve accuracy from previous computation
retrieve accuracy from previous computation
retrieve accuracy from previous computation
retrieve accuracy from previous computation
retrieve accuracy from previous computation
values  0.0005	0.007875	0.01525	0.022625	0.03
targets 0.5952	0.5952	0.5952	0.5952	0.5952
improving parameter /IntronModel/dsspseudocount curently set to 0.0026875
0.0002-0.04
/IntronModel/dsspseudocount: checking values 0.0002	0.01015	0.0201	0.03005	0.04
retrieve accuracy from previous computation
retrieve accuracy from previous computation
retrieve accuracy from previous computation
retrieve accuracy from previous computation
retrieve accuracy from previous computation
values  0.0002	0.01015	0.0201	0.03005	0.04
targets 0.5932	0.5914	0.5894	0.5887	0.5872
improving parameter /IntronModel/dssneighborfactor curently set to 0.002575
0.0001-0.01
/IntronModel/dssneighborfactor: checking values 0.0001	0.002575	0.00505	0.007525	0.01
retrieve accuracy from previous computation
retrieve accuracy from previous computation
retrieve accuracy from previous computation
retrieve accuracy from previous computation
retrieve accuracy from previous computation
values  0.0001	0.002575	0.00505	0.007525	0.01
targets 0.5884	0.5952	0.5936	0.5929	0.5930
improving parameter /ExonModel/minPatSum curently set to 233.3
100-600
/ExonModel/minPatSum: checking values 100	225	350	475	600
retrieve accuracy from previous computation
retrieve accuracy from previous computation
retrieve accuracy from previous computation
retrieve accuracy from previous computation
retrieve accuracy from previous computation
values  100	225	350	475	600
targets 0.5912	0.5930	0.5917	0.5925	0.5909
improving parameter /Constant/probNinCoding curently set to 0.23
0.15-.25
/Constant/probNinCoding: checking values 0.15	0.175	0.2	0.225	0.25
retrieve accuracy from previous computation
retrieve accuracy from previous computation
retrieve accuracy from previous computation
retrieve accuracy from previous computation
retrieve accuracy from previous computation
values  0.15	0.175	0.2	0.225	0.25
targets 0.5952	0.5952	0.5952	0.5952	0.5952
improving parameter /Constant/decomp_num_steps curently set to 1
1-5
/Constant/decomp_num_steps: checking values 1	2	3	4	5
retrieve accuracy from previous computation
retrieve accuracy from previous computation
retrieve accuracy from previous computation
retrieve accuracy from previous computation
retrieve accuracy from previous computation
values  1	2	3	4	5
targets 0.5952	0.5896	0.5903	0.5909	0.5893
improving parameter /Constant/dss_end curently set to 4
1-4
/Constant/dss_end: checking values 1	2	3	4
retrieve accuracy from previous computation
retrieve accuracy from previous computation
retrieve accuracy from previous computation
retrieve accuracy from previous computation
values  1	2	3	4
targets 0.5519	0.5663	0.5884	0.5952
improving parameter /Constant/dss_start curently set to 2
1-3
/Constant/dss_start: checking values 1	2	3
retrieve accuracy from previous computation
retrieve accuracy from previous computation
retrieve accuracy from previous computation
values  1	2	3
targets 0.5812	0.5952	0.5830
improving parameter /Constant/ass_start curently set to 1
1-3
/Constant/ass_start: checking values 1	2	3
retrieve accuracy from previous computation
retrieve accuracy from previous computation
retrieve accuracy from previous computation
values  1	2	3
targets 0.5952	0.5893	0.5810
improving parameter /Constant/ass_end curently set to 2
0-4
/Constant/ass_end: checking values 0	1	2	3	4
retrieve accuracy from previous computation
retrieve accuracy from previous computation
retrieve accuracy from previous computation
retrieve accuracy from previous computation
retrieve accuracy from previous computation
values  0	1	2	3	4
targets 0.5847	0.5898	0.5952	0.5909	0.5815
improving parameter /Constant/ass_upwindow_size curently set to 25
1-50
/Constant/ass_upwindow_size: checking values 1	13	25	37	50
retrieve accuracy from previous computation
retrieve accuracy from previous computation
retrieve accuracy from previous computation
retrieve accuracy from previous computation
retrieve accuracy from previous computation
values  1	13	25	37	50
targets 0.5279	0.5785	0.5952	0.5920	0.5914
improving parameter /IntronModel/d curently set to 737
100-950
/IntronModel/d: checking values 100	312	525	737	950
retrieve accuracy from previous computation
retrieve accuracy from previous computation
retrieve accuracy from previous computation
retrieve accuracy from previous computation
retrieve accuracy from previous computation
values  100	312	525	737	950
targets 0.5903	0.5905	0.5940	0.5952	0.5940
improving parameter /IntronModel/ass_motif_memory curently set to 1
0-3
/IntronModel/ass_motif_memory: checking values 0	1	2	3
retrieve accuracy from previous computation
retrieve accuracy from previous computation
retrieve accuracy from previous computation
retrieve accuracy from previous computation
values  0	1	2	3
targets 0.5859	0.5952	0.5831	0.5632
improving parameter /IntronModel/ass_motif_radius curently set to 0
0-4
/IntronModel/ass_motif_radius: checking values 0	1	2	3	4
retrieve accuracy from previous computation
retrieve accuracy from previous computation
retrieve accuracy from previous computation
retrieve accuracy from previous computation
retrieve accuracy from previous computation
values  0	1	2	3	4
targets 0.5952	0.5873	0.5833	0.5836	0.5831
improving parameter /ExonModel/tis_motif_memory curently set to 0
0-3
/ExonModel/tis_motif_memory: checking values 0	1	2	3
retrieve accuracy from previous computation
retrieve accuracy from previous computation
retrieve accuracy from previous computation
retrieve accuracy from previous computation
values  0	1	2	3
targets 0.5952	0.5901	0.5884	0.5755
improving parameter /ExonModel/tis_motif_radius curently set to 0
0-3
/ExonModel/tis_motif_radius: checking values 0	1	2	3
retrieve accuracy from previous computation
retrieve accuracy from previous computation
retrieve accuracy from previous computation
retrieve accuracy from previous computation
values  0	1	2	3
targets 0.5952	0.5902	0.5880	0.5881
improving parameter /Constant/trans_init_window curently set to 25
0-25
/Constant/trans_init_window: checking values 0	6	12	18	25
retrieve accuracy from previous computation
retrieve accuracy from previous computation
retrieve accuracy from previous computation
retrieve accuracy from previous computation
retrieve accuracy from previous computation
values  0	6	12	18	25
targets 0.5835	0.5941	0.5938	0.5923	0.5952
improving parameter /Constant/init_coding_len curently set to 13
0-18
/Constant/init_coding_len: checking values 0	4	9	13	18
retrieve accuracy from previous computation
retrieve accuracy from previous computation
retrieve accuracy from previous computation
retrieve accuracy from previous computation
retrieve accuracy from previous computation
values  0	4	9	13	18
targets 0.5930	0.5890	0.5921	0.5952	0.5937
improving parameter /ExonModel/patpseudocount curently set to 2.75
0.5-5
/ExonModel/patpseudocount: checking values 0.5	1.625	2.75	3.875	5
retrieve accuracy from previous computation
retrieve accuracy from previous computation
retrieve accuracy from previous computation
retrieve accuracy from previous computation
retrieve accuracy from previous computation
values  0.5	1.625	2.75	3.875	5
targets 0.5934	0.5935	0.5952	0.5945	0.5910
improving parameter /ExonModel/etpseudocount curently set to 3
0-10
/ExonModel/etpseudocount: checking values 0	2	5	7	10
retrieve accuracy from previous computation
retrieve accuracy from previous computation
retrieve accuracy from previous computation
retrieve accuracy from previous computation
retrieve accuracy from previous computation
values  0	2	5	7	10
targets 0.5952	0.5952	0.5952	0.5952	0.5952
improving parameter /ExonModel/etorder curently set to 2
0-3
/ExonModel/etorder: checking values 0	1	2	3
retrieve accuracy from previous computation
retrieve accuracy from previous computation
retrieve accuracy from previous computation
retrieve accuracy from previous computation
values  0	1	2	3
targets 0.5952	0.5952	0.5952	0.5952
improving parameter /Constant/intterm_coding_len curently set to 1
0-13
/Constant/intterm_coding_len: checking values 0	3	6	9	13
retrieve accuracy from previous computation
retrieve accuracy from previous computation
retrieve accuracy from previous computation
retrieve accuracy from previous computation
retrieve accuracy from previous computation
values  0	3	6	9	13
targets 0.5931	0.5937	0.5919	0.5921	0.5905
improving parameter /ExonModel/slope_of_bandwidth curently set to 0.05
0.05-0.6
/ExonModel/slope_of_bandwidth: checking values 0.05	0.1875	0.325	0.4625	0.6
retrieve accuracy from previous computation
retrieve accuracy from previous computation
retrieve accuracy from previous computation
retrieve accuracy from previous computation
retrieve accuracy from previous computation
values  0.05	0.1875	0.325	0.4625	0.6
targets 0.5952	0.5950	0.5937	0.5931	0.5937
improving parameter /ExonModel/minwindowcount curently set to 10
1-15
/ExonModel/minwindowcount: checking values 1	4	8	11	15
retrieve accuracy from previous computation
retrieve accuracy from previous computation
retrieve accuracy from previous computation
retrieve accuracy from previous computation
retrieve accuracy from previous computation
values  1	4	8	11	15
targets 0.5820	0.5926	0.5938	0.5951	0.5943
improving parameter /IGenicModel/patpseudocount curently set to 5.0
0.5-7
/IGenicModel/patpseudocount: checking values 0.5	2.125	3.75	5.375	7
retrieve accuracy from previous computation
retrieve accuracy from previous computation
retrieve accuracy from previous computation
retrieve accuracy from previous computation
retrieve accuracy from previous computation
values  0.5	2.125	3.75	5.375	7
targets 0.5952	0.5952	0.5952	0.5952	0.5952
improving parameter /IntronModel/patpseudocount curently set to 7
0.5-7
/IntronModel/patpseudocount: checking values 0.5	2.125	3.75	5.375	7
retrieve accuracy from previous computation
retrieve accuracy from previous computation
retrieve accuracy from previous computation
retrieve accuracy from previous computation
retrieve accuracy from previous computation
values  0.5	2.125	3.75	5.375	7
targets 0.5936	0.5943	0.5944	0.5947	0.5952
improving parameter /IntronModel/slope_of_bandwidth curently set to 0.290625
0.05-0.6
/IntronModel/slope_of_bandwidth: checking values 0.05	0.1875	0.325	0.4625	0.6
retrieve accuracy from previous computation
retrieve accuracy from previous computation
retrieve accuracy from previous computation
retrieve accuracy from previous computation
retrieve accuracy from previous computation
values  0.05	0.1875	0.325	0.4625	0.6
targets 0.5938	0.5951	0.5942	0.5941	0.5936
improving parameter /IntronModel/minwindowcount curently set to 4
1-8
/IntronModel/minwindowcount: checking values 1	2	4	6	8
retrieve accuracy from previous computation
retrieve accuracy from previous computation
retrieve accuracy from previous computation
retrieve accuracy from previous computation
retrieve accuracy from previous computation
values  1	2	4	6	8
targets 0.5952	0.5952	0.5952	0.5950	0.5943
improving parameter /IntronModel/asspseudocount curently set to 0.00266
0.0005-0.03
/IntronModel/asspseudocount: checking values 0.0005	0.007875	0.01525	0.022625	0.03
retrieve accuracy from previous computation
retrieve accuracy from previous computation
retrieve accuracy from previous computation
retrieve accuracy from previous computation
retrieve accuracy from previous computation
values  0.0005	0.007875	0.01525	0.022625	0.03
targets 0.5952	0.5952	0.5952	0.5952	0.5952
improving parameter /IntronModel/dsspseudocount curently set to 0.0026875
0.0002-0.04
/IntronModel/dsspseudocount: checking values 0.0002	0.01015	0.0201	0.03005	0.04
retrieve accuracy from previous computation
retrieve accuracy from previous computation
retrieve accuracy from previous computation
retrieve accuracy from previous computation
retrieve accuracy from previous computation
values  0.0002	0.01015	0.0201	0.03005	0.04
targets 0.5932	0.5914	0.5894	0.5887	0.5872
improving parameter /IntronModel/dssneighborfactor curently set to 0.002575
0.0001-0.01
/IntronModel/dssneighborfactor: checking values 0.0001	0.002575	0.00505	0.007525	0.01
retrieve accuracy from previous computation
retrieve accuracy from previous computation
retrieve accuracy from previous computation
retrieve accuracy from previous computation
retrieve accuracy from previous computation
values  0.0001	0.002575	0.00505	0.007525	0.01
targets 0.5884	0.5952	0.5936	0.5929	0.5930
improving parameter /ExonModel/minPatSum curently set to 233.3
100-600
/ExonModel/minPatSum: checking values 100	225	350	475	600
retrieve accuracy from previous computation
retrieve accuracy from previous computation
retrieve accuracy from previous computation
retrieve accuracy from previous computation
retrieve accuracy from previous computation
values  100	225	350	475	600
targets 0.5912	0.5930	0.5917	0.5925	0.5909
improving parameter /Constant/probNinCoding curently set to 0.23
0.15-.25
/Constant/probNinCoding: checking values 0.15	0.175	0.2	0.225	0.25
retrieve accuracy from previous computation
retrieve accuracy from previous computation
retrieve accuracy from previous computation
retrieve accuracy from previous computation
retrieve accuracy from previous computation
values  0.15	0.175	0.2	0.225	0.25
targets 0.5952	0.5952	0.5952	0.5952	0.5952
improving parameter /Constant/decomp_num_steps curently set to 1
1-5
/Constant/decomp_num_steps: checking values 1	2	3	4	5
retrieve accuracy from previous computation
retrieve accuracy from previous computation
retrieve accuracy from previous computation
retrieve accuracy from previous computation
retrieve accuracy from previous computation
values  1	2	3	4	5
targets 0.5952	0.5896	0.5903	0.5909	0.5893
Making final training with the optimized parameters.
etraining --species=lda --AUGUSTUS_CONFIG_PATH=/home/fogah/prg/augustus-3.2.3/config/ --/augustus/verbosity=0 --/ExonModel/verbosity=0 --/IGenicModel/verbosity=0 --/IntronModel/verbosity=0 --/UtrModel/verbosity=0 --/genbank/verbosity=0 tmp_opt_lda/curtrain  
